2016-04-14 23:27:53,851 ERROR NetworkLegRouter:65   ==>  null from/to link for person 1
2016-04-14 23:27:53,853 ERROR ParallelPersonAlgorithmRunner$ExceptionHandler:163 Thread PersonPrepareForSim.0 died with exception while handling events.
java.lang.RuntimeException: fromLink 1 missing.
	at org.matsim.core.router.old.NetworkLegRouter.routeLeg(NetworkLegRouter.java:67)
	at org.matsim.core.router.old.LegRouterWrapper.calcRoute(LegRouterWrapper.java:82)
	at org.matsim.core.router.TripRouter.calcRoute(TripRouter.java:154)
	at org.matsim.core.router.PlanRouter.run(PlanRouter.java:85)
	at org.matsim.population.algorithms.PersonPrepareForSim.run(PersonPrepareForSim.java:114)
	at org.matsim.population.algorithms.ParallelPersonAlgorithmRunner$PersonAlgoThread.run(ParallelPersonAlgorithmRunner.java:144)
	at java.lang.Thread.run(Unknown Source)
2016-04-14 23:27:53,873 ERROR AbstractController:175 Getting uncaught Exception in Thread main
java.lang.RuntimeException: Exception while processing persons. Cannot guarantee that all persons have been fully processed.
	at org.matsim.population.algorithms.ParallelPersonAlgorithmRunner.run(ParallelPersonAlgorithmRunner.java:119)
	at org.matsim.core.controler.Controler.prepareForSim(Controler.java:326)
	at org.matsim.core.controler.AbstractController.run(AbstractController.java:138)
	at org.matsim.core.controler.Controler.run(Controler.java:215)
	at edu.ucdenver.cse.GRID.GRID_SIM.GRID_SIM.main(GRID_SIM.java:42)
2016-04-14 23:27:53,874 ERROR AbstractController:205 ERROR --- This is an unexpected shutdown!
2016-04-14 23:27:53,874 ERROR AbstractController:208 Shutdown possibly caused by the following Exception:
java.lang.RuntimeException: Exception while processing persons. Cannot guarantee that all persons have been fully processed.
	at org.matsim.population.algorithms.ParallelPersonAlgorithmRunner.run(ParallelPersonAlgorithmRunner.java:119)
	at org.matsim.core.controler.Controler.prepareForSim(Controler.java:326)
	at org.matsim.core.controler.AbstractController.run(AbstractController.java:138)
	at org.matsim.core.controler.Controler.run(Controler.java:215)
	at edu.ucdenver.cse.GRID.GRID_SIM.GRID_SIM.main(GRID_SIM.java:42)
2016-04-14 23:27:53,883 ERROR AbstractController:214 Exception during shutdown:
java.lang.NullPointerException
	at org.matsim.core.population.PopulationWriterHandlerImplV5.startNetworkRoute(PopulationWriterHandlerImplV5.java:294)
	at org.matsim.core.population.PopulationWriterHandlerImplV5.writePerson(PopulationWriterHandlerImplV5.java:88)
	at org.matsim.core.population.PopulationWriter.writePerson(PopulationWriter.java:177)
	at org.matsim.core.population.PopulationWriter.writePersons(PopulationWriter.java:168)
	at org.matsim.core.population.PopulationWriter.write(PopulationWriter.java:93)
	at org.matsim.core.population.PopulationWriter.writeFileV5(PopulationWriter.java:205)
	at org.matsim.api.core.v01.population.PopulationWriter.writeV5(PopulationWriter.java:62)
	at org.matsim.api.core.v01.population.PopulationWriter.write(PopulationWriter.java:44)
	at org.matsim.core.controler.corelisteners.DumpDataAtEndImpl.notifyShutdown(DumpDataAtEndImpl.java:66)
	at org.matsim.core.controler.ControlerListenerManager.fireControlerShutdownEvent(ControlerListenerManager.java:123)
	at org.matsim.core.controler.AbstractController.shutdown(AbstractController.java:211)
	at org.matsim.core.controler.AbstractController.run(AbstractController.java:159)
	at org.matsim.core.controler.Controler.run(Controler.java:215)
	at edu.ucdenver.cse.GRID.GRID_SIM.GRID_SIM.main(GRID_SIM.java:42)
2016-04-14 23:27:53,893 ERROR AbstractController:223 ERROR --- MATSim unexpectedly terminated. Please check the output or the logfile with warnings and errors for hints.
2016-04-14 23:27:53,893 ERROR AbstractController:224 ERROR --- results should not be used for further analysis.
2016-04-14 23:27:53,894 ERROR AbstractController:228 ERROR --- This was an unexpected shutdown! See the log file for a possible reason.
