2016-04-13 09:30:58,759  INFO Gbl:57 JVM: 1.8.0_73; Oracle Corporation; mixed mode; 64-bit
2016-04-13 09:30:58,759  INFO Gbl:61 OS: Windows 7; 6.1; amd64
2016-04-13 09:30:58,759  INFO Gbl:64 CPU cores: 4
2016-04-13 09:30:58,760  INFO Gbl:65 max. Memory: 2731.0MB (2863661056B)
2016-04-13 09:30:58,760  INFO Gbl:103 MATSim-Build: r92988ce59136ee2aff1ef13a5c44ef6b9ed94573 (2015-10-29 09:45:01)
2016-04-13 09:30:58,760  INFO AbstractController:102 Used Controler-Class: org.matsim.core.controler.Controler
2016-04-13 09:30:59,115  INFO Injector:80 org.matsim.core.controler.corelisteners.PlansScoring
2016-04-13 09:30:59,116  INFO Injector:82    -> FactoryProxy{key=Key[type=org.matsim.core.controler.corelisteners.PlansScoring, annotation=[none]], provider=com.google.inject.internal.ConstructorBindingImpl$Factory@6babf3bf[Scopes.SINGLETON]}
2016-04-13 09:30:59,116  INFO Injector:80 org.matsim.core.controler.corelisteners.PlansReplanning
2016-04-13 09:30:59,116  INFO Injector:82    -> FactoryProxy{key=Key[type=org.matsim.core.controler.corelisteners.PlansReplanning, annotation=[none]], provider=com.google.inject.internal.ConstructorBindingImpl$Factory@24fcf36f[Scopes.SINGLETON]}
2016-04-13 09:30:59,116  INFO Injector:80 org.matsim.core.controler.corelisteners.PlansDumping
2016-04-13 09:30:59,117  INFO Injector:82    -> FactoryProxy{key=Key[type=org.matsim.core.controler.corelisteners.PlansDumping, annotation=[none]], provider=com.google.inject.internal.ConstructorBindingImpl$Factory@ea6147e[Scopes.SINGLETON]}
2016-04-13 09:30:59,117  INFO Injector:80 org.matsim.core.controler.corelisteners.EventsHandling
2016-04-13 09:30:59,117  INFO Injector:82    -> FactoryProxy{key=Key[type=org.matsim.core.controler.corelisteners.EventsHandling, annotation=[none]], provider=com.google.inject.internal.ConstructorBindingImpl$Factory@1e683a3e[Scopes.SINGLETON]}
2016-04-13 09:30:59,117  INFO Injector:80 org.matsim.core.controler.corelisteners.DumpDataAtEnd
2016-04-13 09:30:59,117  INFO Injector:82    -> FactoryProxy{key=Key[type=org.matsim.core.controler.corelisteners.DumpDataAtEnd, annotation=[none]], provider=com.google.inject.internal.ConstructorBindingImpl$Factory@14555e0a[Scopes.SINGLETON]}
2016-04-13 09:30:59,117  INFO Injector:80 org.matsim.core.mobsim.framework.Mobsim
2016-04-13 09:30:59,117  INFO Injector:82    -> Key[type=org.matsim.core.mobsim.qsim.QSimProvider, annotation=[none]]
2016-04-13 09:30:59,117  INFO Injector:80 org.matsim.api.core.v01.network.Network
2016-04-13 09:30:59,117  INFO Injector:82    -> Key[type=org.matsim.core.scenario.ScenarioElementsModule$NetworkProvider, annotation=[none]]
2016-04-13 09:30:59,117  INFO Injector:80 org.matsim.api.core.v01.population.Population
2016-04-13 09:30:59,118  INFO Injector:82    -> Key[type=org.matsim.core.scenario.ScenarioElementsModule$PopulationProvider, annotation=[none]]
2016-04-13 09:30:59,118  INFO Injector:80 org.matsim.core.trafficmonitoring.TravelTimeCalculator
2016-04-13 09:30:59,118  INFO Injector:82    -> Key[type=org.matsim.core.trafficmonitoring.TravelTimeCalculatorModule$TravelTimeCalculatorProvider, annotation=[none]][Scopes.SINGLETON]
2016-04-13 09:30:59,118  INFO Injector:80 org.matsim.core.events.handler.EventHandler
2016-04-13 09:30:59,118  INFO Injector:82    -> FactoryProxy{key=Key[type=org.matsim.core.events.handler.EventHandler, annotation=@com.google.inject.multibindings.Element(setName=,uniqueId=2, type=MULTIBINDER, keyType=)], provider=Key[type=org.matsim.core.trafficmonitoring.TravelTimeCalculatorModule$TravelTimeCalculatorProvider, annotation=[none]][Scopes.SINGLETON]}
2016-04-13 09:30:59,118  INFO Injector:80 org.matsim.core.router.util.TravelTime
2016-04-13 09:30:59,118  INFO Injector:82    -> Key[type=org.matsim.core.trafficmonitoring.TravelTimeCalculatorModule$TravelTimeProvider, annotation=[none]]
2016-04-13 09:30:59,118  INFO Injector:80 org.matsim.core.router.util.LinkToLinkTravelTime
2016-04-13 09:30:59,118  INFO Injector:82    -> Key[type=org.matsim.core.trafficmonitoring.TravelTimeCalculatorModule$LinkToLinkTravelTimeProvider, annotation=[none]]
2016-04-13 09:30:59,118  INFO Injector:80 org.matsim.core.router.costcalculators.TravelDisutilityFactory
2016-04-13 09:30:59,119  INFO Injector:82    -> FactoryProxy{key=Key[type=org.matsim.core.router.costcalculators.TravelDisutilityFactory, annotation=[none]], provider=com.google.inject.internal.ConstructorBindingImpl$Factory@28f3b248}
2016-04-13 09:30:59,119  INFO Injector:80 org.matsim.core.scoring.ScoringFunctionFactory
2016-04-13 09:30:59,119  INFO Injector:82    -> org.matsim.core.scoring.functions.CharyparNagelScoringFunctionModule$1@581ac8a8
2016-04-13 09:30:59,119  INFO Injector:80 org.matsim.core.router.util.LeastCostPathCalculatorFactory
2016-04-13 09:30:59,119  INFO Injector:82    -> FactoryProxy{key=Key[type=org.matsim.core.router.util.LeastCostPathCalculatorFactory, annotation=[none]], provider=com.google.inject.internal.ConstructorBindingImpl$Factory@76c3e77a[Scopes.SINGLETON]}
2016-04-13 09:30:59,119  INFO Injector:80 org.matsim.pt.router.TransitRouter
2016-04-13 09:30:59,119  INFO Injector:82    -> Key[type=org.matsim.pt.router.TransitRouterModule$DummyTransitRouterFactory, annotation=[none]]
2016-04-13 09:30:59,119  INFO Injector:80 org.matsim.core.router.TripRouterFactory
2016-04-13 09:30:59,119  INFO Injector:82    -> FactoryProxy{key=Key[type=org.matsim.core.router.TripRouterFactory, annotation=[none]], provider=com.google.inject.internal.ConstructorBindingImpl$Factory@fa49800}[Scopes.SINGLETON]
2016-04-13 09:30:59,119  INFO Injector:80 org.matsim.core.router.TripRouter
2016-04-13 09:30:59,119  INFO Injector:82    -> Key[type=org.matsim.core.router.TripRouterModule$RealTripRouterProvider, annotation=[none]]
2016-04-13 09:30:59,119  INFO Injector:80 org.matsim.core.replanning.selectors.GenericPlanSelector<org.matsim.api.core.v01.population.Plan, org.matsim.api.core.v01.population.Person>
2016-04-13 09:30:59,120  INFO Injector:82    -> FactoryProxy{key=Key[type=org.matsim.core.replanning.selectors.GenericPlanSelector<org.matsim.api.core.v01.population.Plan, org.matsim.api.core.v01.population.Person>, annotation=@com.google.inject.multibindings.Element(setName=,uniqueId=3, type=MAPBINDER, keyType=java.lang.String)], provider=com.google.inject.internal.ConstructorBindingImpl$Factory@505fc5a4}
2016-04-13 09:30:59,120  INFO Injector:80 org.matsim.core.replanning.selectors.GenericPlanSelector<org.matsim.api.core.v01.population.Plan, org.matsim.api.core.v01.population.Person>
2016-04-13 09:30:59,120  INFO Injector:82    -> FactoryProxy{key=Key[type=org.matsim.core.replanning.selectors.GenericPlanSelector<org.matsim.api.core.v01.population.Plan, org.matsim.api.core.v01.population.Person>, annotation=@com.google.inject.multibindings.Element(setName=,uniqueId=5, type=MAPBINDER, keyType=java.lang.String)], provider=com.google.inject.internal.ConstructorBindingImpl$Factory@bd4dc25}
2016-04-13 09:30:59,120  INFO Injector:80 org.matsim.core.replanning.selectors.GenericPlanSelector<org.matsim.api.core.v01.population.Plan, org.matsim.api.core.v01.population.Person>
2016-04-13 09:30:59,120  INFO Injector:82    -> Key[type=org.matsim.core.replanning.DefaultPlanStrategiesModule$ExpBetaPlanSelectorForRemoval, annotation=[none]]
2016-04-13 09:30:59,120  INFO Injector:80 org.matsim.core.replanning.selectors.GenericPlanSelector<org.matsim.api.core.v01.population.Plan, org.matsim.api.core.v01.population.Person>
2016-04-13 09:30:59,120  INFO Injector:82    -> Key[type=org.matsim.core.replanning.DefaultPlanStrategiesModule$ExpBetaPlanChangerForRemoval, annotation=[none]]
2016-04-13 09:30:59,120  INFO Injector:80 org.matsim.core.replanning.selectors.GenericPlanSelector<org.matsim.api.core.v01.population.Plan, org.matsim.api.core.v01.population.Person>
2016-04-13 09:30:59,120  INFO Injector:82    -> Key[type=org.matsim.core.replanning.DefaultPlanStrategiesModule$PathSizeLogitSelectorForRemoval, annotation=[none]]
2016-04-13 09:30:59,120  INFO Injector:80 org.matsim.core.replanning.PlanStrategy
2016-04-13 09:30:59,120  INFO Injector:82    -> Key[type=org.matsim.core.replanning.modules.KeepLastSelectedPlanStrategyFactory, annotation=[none]]
2016-04-13 09:30:59,120  INFO Injector:80 org.matsim.core.replanning.PlanStrategy
2016-04-13 09:30:59,121  INFO Injector:82    -> Key[type=org.matsim.core.replanning.modules.SelectBestPlanStrategyFactory, annotation=[none]]
2016-04-13 09:30:59,121  INFO Injector:80 org.matsim.core.replanning.PlanStrategy
2016-04-13 09:30:59,121  INFO Injector:82    -> Key[type=org.matsim.core.replanning.modules.SelectExpBetaPlanStrategyFactory, annotation=[none]]
2016-04-13 09:30:59,121  INFO Injector:80 org.matsim.core.replanning.PlanStrategy
2016-04-13 09:30:59,121  INFO Injector:82    -> Key[type=org.matsim.core.replanning.modules.ChangeExpBetaPlanStrategyFactory, annotation=[none]]
2016-04-13 09:30:59,121  INFO Injector:80 org.matsim.core.replanning.PlanStrategy
2016-04-13 09:30:59,121  INFO Injector:82    -> Key[type=org.matsim.core.replanning.modules.SelectRandomStrategyFactory, annotation=[none]]
2016-04-13 09:30:59,121  INFO Injector:80 org.matsim.core.replanning.PlanStrategy
2016-04-13 09:30:59,121  INFO Injector:82    -> Key[type=org.matsim.core.replanning.modules.SelectPathSizeLogitStrategyFactory, annotation=[none]]
2016-04-13 09:30:59,121  INFO Injector:80 org.matsim.core.replanning.PlanStrategy
2016-04-13 09:30:59,121  INFO Injector:82    -> Key[type=org.matsim.core.replanning.modules.ReRoutePlanStrategyFactory, annotation=[none]]
2016-04-13 09:30:59,121  INFO Injector:80 org.matsim.core.replanning.PlanStrategy
2016-04-13 09:30:59,121  INFO Injector:82    -> Key[type=org.matsim.core.replanning.modules.TimeAllocationMutatorPlanStrategyFactory, annotation=[none]]
2016-04-13 09:30:59,121  INFO Injector:80 org.matsim.core.replanning.PlanStrategy
2016-04-13 09:30:59,121  INFO Injector:82    -> Key[type=org.matsim.core.replanning.modules.TimeAllocationMutatorReRoutePlanStrategyFactory, annotation=[none]]
2016-04-13 09:30:59,122  INFO Injector:80 org.matsim.core.replanning.PlanStrategy
2016-04-13 09:30:59,122  INFO Injector:82    -> Key[type=org.matsim.core.replanning.modules.ChangeSingleLegModeStrategyFactory, annotation=[none]]
2016-04-13 09:30:59,122  INFO Injector:80 org.matsim.core.replanning.PlanStrategy
2016-04-13 09:30:59,122  INFO Injector:82    -> Key[type=org.matsim.core.replanning.modules.ChangeLegModeStrategyFactory, annotation=[none]]
2016-04-13 09:30:59,122  INFO Injector:80 org.matsim.core.replanning.PlanStrategy
2016-04-13 09:30:59,122  INFO Injector:82    -> Key[type=org.matsim.core.replanning.modules.SubtourModeChoiceStrategyFactory, annotation=[none]]
2016-04-13 09:30:59,122  INFO Injector:80 org.matsim.core.replanning.PlanStrategy
2016-04-13 09:30:59,122  INFO Injector:82    -> Key[type=org.matsim.core.replanning.modules.ChangeTripModeStrategyFactory, annotation=[none]]
2016-04-13 09:30:59,122  INFO Injector:80 org.matsim.core.replanning.PlanStrategy
2016-04-13 09:30:59,122  INFO Injector:82    -> Key[type=org.matsim.core.replanning.modules.ChangeSingleTripModeStrategyFactory, annotation=[none]]
2016-04-13 09:30:59,122  INFO Injector:80 org.matsim.core.replanning.PlanStrategy
2016-04-13 09:30:59,122  INFO Injector:82    -> Key[type=org.matsim.core.replanning.modules.TripSubtourModeChoiceStrategyFactory, annotation=[none]]
2016-04-13 09:30:59,122  INFO Injector:80 org.matsim.core.replanning.StrategyManager
2016-04-13 09:30:59,122  INFO Injector:82    -> Key[type=org.matsim.core.replanning.StrategyManagerModule$StrategyManagerProvider, annotation=[none]][Scopes.SINGLETON]
2016-04-13 09:30:59,123  INFO Injector:80 org.matsim.core.replanning.ReplanningContext
2016-04-13 09:30:59,123  INFO Injector:82    -> FactoryProxy{key=Key[type=org.matsim.core.replanning.ReplanningContext, annotation=[none]], provider=com.google.inject.internal.ConstructorBindingImpl$Factory@6cd28fa7}
2016-04-13 09:30:59,123  INFO Injector:80 org.matsim.analysis.CalcLinkStats
2016-04-13 09:30:59,123  INFO Injector:82    -> Key[type=org.matsim.core.controler.corelisteners.LinkStatsModule$CalcLinkStatsProvider, annotation=[none]][Scopes.SINGLETON]
2016-04-13 09:30:59,123  INFO Injector:80 org.matsim.core.controler.listener.ControlerListener
2016-04-13 09:30:59,123  INFO Injector:82    -> FactoryProxy{key=Key[type=org.matsim.core.controler.listener.ControlerListener, annotation=@com.google.inject.multibindings.Element(setName=,uniqueId=43, type=MULTIBINDER, keyType=)], provider=com.google.inject.internal.ConstructorBindingImpl$Factory@1af2d44a}
2016-04-13 09:30:59,123  INFO Injector:80 org.matsim.analysis.VolumesAnalyzer
2016-04-13 09:30:59,123  INFO Injector:82    -> Key[type=org.matsim.analysis.VolumesAnalyzerModule$VolumesAnalyzerProvider, annotation=[none]][Scopes.SINGLETON]
2016-04-13 09:30:59,123  INFO Injector:80 org.matsim.core.events.handler.EventHandler
2016-04-13 09:30:59,123  INFO Injector:82    -> FactoryProxy{key=Key[type=org.matsim.core.events.handler.EventHandler, annotation=@com.google.inject.multibindings.Element(setName=,uniqueId=44, type=MULTIBINDER, keyType=)], provider=Key[type=org.matsim.analysis.VolumesAnalyzerModule$VolumesAnalyzerProvider, annotation=[none]][Scopes.SINGLETON]}
2016-04-13 09:30:59,123  INFO Injector:80 org.matsim.core.events.handler.EventHandler
2016-04-13 09:30:59,123  INFO Injector:82    -> of(org.matsim.analysis.LegHistogram@3514a4c0)
2016-04-13 09:30:59,124  INFO Injector:80 org.matsim.analysis.LegHistogram
2016-04-13 09:30:59,124  INFO Injector:82    -> of(org.matsim.analysis.LegHistogram@3514a4c0)
2016-04-13 09:30:59,124  INFO Injector:80 org.matsim.core.controler.listener.ControlerListener
2016-04-13 09:30:59,124  INFO Injector:82    -> FactoryProxy{key=Key[type=org.matsim.core.controler.listener.ControlerListener, annotation=@com.google.inject.multibindings.Element(setName=,uniqueId=46, type=MULTIBINDER, keyType=)], provider=com.google.inject.internal.ConstructorBindingImpl$Factory@7bd4937b}
2016-04-13 09:30:59,124  INFO Injector:80 org.matsim.core.events.handler.EventHandler
2016-04-13 09:30:59,124  INFO Injector:82    -> FactoryProxy{key=Key[type=org.matsim.core.events.handler.EventHandler, annotation=@com.google.inject.multibindings.Element(setName=,uniqueId=47, type=MULTIBINDER, keyType=)], provider=com.google.inject.internal.ConstructorBindingImpl$Factory@58d75e99[Scopes.SINGLETON]}
2016-04-13 09:30:59,124  INFO Injector:80 org.matsim.core.controler.listener.ControlerListener
2016-04-13 09:30:59,124  INFO Injector:82    -> FactoryProxy{key=Key[type=org.matsim.core.controler.listener.ControlerListener, annotation=@com.google.inject.multibindings.Element(setName=,uniqueId=48, type=MULTIBINDER, keyType=)], provider=com.google.inject.internal.ConstructorBindingImpl$Factory@306e95ec}
2016-04-13 09:30:59,124  INFO Injector:80 org.matsim.core.controler.listener.ControlerListener
2016-04-13 09:30:59,124  INFO Injector:82    -> FactoryProxy{key=Key[type=org.matsim.core.controler.listener.ControlerListener, annotation=@com.google.inject.multibindings.Element(setName=,uniqueId=49, type=MULTIBINDER, keyType=)], provider=com.google.inject.internal.ConstructorBindingImpl$Factory@4f2b503c[Scopes.SINGLETON]}
2016-04-13 09:30:59,124  INFO Injector:80 org.matsim.analysis.ScoreStats
2016-04-13 09:30:59,124  INFO Injector:82    -> FactoryProxy{key=Key[type=org.matsim.analysis.ScoreStats, annotation=[none]], provider=com.google.inject.internal.ConstructorBindingImpl$Factory@4f2b503c[Scopes.SINGLETON]}
2016-04-13 09:30:59,124  INFO Injector:80 org.matsim.core.controler.listener.ControlerListener
2016-04-13 09:30:59,125  INFO Injector:82    -> FactoryProxy{key=Key[type=org.matsim.core.controler.listener.ControlerListener, annotation=@com.google.inject.multibindings.Element(setName=,uniqueId=50, type=MULTIBINDER, keyType=)], provider=com.google.inject.internal.ConstructorBindingImpl$Factory@6392827e}
2016-04-13 09:30:59,125  INFO Injector:80 org.matsim.core.controler.listener.ControlerListener
2016-04-13 09:30:59,125  INFO Injector:82    -> FactoryProxy{key=Key[type=org.matsim.core.controler.listener.ControlerListener, annotation=@com.google.inject.multibindings.Element(setName=,uniqueId=51, type=MULTIBINDER, keyType=)], provider=com.google.inject.internal.ConstructorBindingImpl$Factory@43dac38f}
2016-04-13 09:30:59,125  INFO Injector:80 org.matsim.core.controler.OutputDirectoryHierarchy
2016-04-13 09:30:59,125  INFO Injector:82    -> of(org.matsim.core.controler.OutputDirectoryHierarchy@5d0a1059)
2016-04-13 09:30:59,125  INFO Injector:80 org.matsim.analysis.IterationStopWatch
2016-04-13 09:30:59,125  INFO Injector:82    -> of(org.matsim.analysis.IterationStopWatch@54bff557)
2016-04-13 09:30:59,125  INFO Injector:80 org.matsim.api.core.v01.Scenario
2016-04-13 09:30:59,125  INFO Injector:82    -> of(org.matsim.core.scenario.ScenarioImpl@7c711375)
2016-04-13 09:30:59,125  INFO Injector:80 org.matsim.core.api.experimental.events.EventsManager
2016-04-13 09:30:59,125  INFO Injector:82    -> of(org.matsim.core.events.SimStepParallelEventsManagerImpl@37d4349f)
2016-04-13 09:30:59,125  INFO Injector:80 org.matsim.analysis.CalcLegTimes
2016-04-13 09:30:59,125  INFO Injector:82    -> com.google.inject.internal.ConstructorBindingImpl$Factory@58d75e99[Scopes.SINGLETON]
2016-04-13 09:30:59,126  INFO Injector:80 org.matsim.analysis.ScoreStatsControlerListener
2016-04-13 09:30:59,126  INFO Injector:82    -> com.google.inject.internal.ConstructorBindingImpl$Factory@4f2b503c[Scopes.SINGLETON]
2016-04-13 09:30:59,127  INFO ScenarioImpl:277 no transit schedule, and transit not activated from config. You must first call the create method of ScenarioImpl.
2016-04-13 09:30:59,133  INFO StrategyManagerConfigLoader:61 global innovation switch off after iteration: 0
2016-04-13 09:30:59,133  INFO GenericStrategyManager:345 setting PlanSelectorForRemoval to class org.matsim.core.replanning.selectors.WorstPlanForRemovalSelector
2016-04-13 09:30:59,136  INFO EventsManagerImpl:144 adding Event-Handler: org.matsim.core.trafficmonitoring.TravelTimeCalculator
2016-04-13 09:30:59,136  INFO EventsManagerImpl:148   org.matsim.api.core.v01.events.handler.LinkEnterEventHandler
2016-04-13 09:30:59,137  INFO EventsManagerImpl:207     > org.matsim.api.core.v01.events.LinkEnterEvent
2016-04-13 09:30:59,137  INFO EventsManagerImpl:148   org.matsim.api.core.v01.events.handler.LinkLeaveEventHandler
2016-04-13 09:30:59,137  INFO EventsManagerImpl:207     > org.matsim.api.core.v01.events.LinkLeaveEvent
2016-04-13 09:30:59,137  INFO EventsManagerImpl:148   org.matsim.api.core.v01.events.handler.PersonDepartureEventHandler
2016-04-13 09:30:59,137  INFO EventsManagerImpl:207     > org.matsim.api.core.v01.events.PersonDepartureEvent
2016-04-13 09:30:59,137  INFO EventsManagerImpl:148   org.matsim.api.core.v01.events.handler.PersonArrivalEventHandler
2016-04-13 09:30:59,137  INFO EventsManagerImpl:207     > org.matsim.api.core.v01.events.PersonArrivalEvent
2016-04-13 09:30:59,137  INFO EventsManagerImpl:148   org.matsim.core.api.experimental.events.handler.VehicleArrivesAtFacilityEventHandler
2016-04-13 09:30:59,138  INFO EventsManagerImpl:207     > org.matsim.core.api.experimental.events.VehicleArrivesAtFacilityEvent
2016-04-13 09:30:59,138  INFO EventsManagerImpl:148   org.matsim.api.core.v01.events.handler.TransitDriverStartsEventHandler
2016-04-13 09:30:59,138  INFO EventsManagerImpl:207     > org.matsim.api.core.v01.events.TransitDriverStartsEvent
2016-04-13 09:30:59,138  INFO EventsManagerImpl:148   org.matsim.api.core.v01.events.handler.PersonStuckEventHandler
2016-04-13 09:30:59,138  INFO EventsManagerImpl:207     > org.matsim.api.core.v01.events.PersonStuckEvent
2016-04-13 09:30:59,138  INFO EventsManagerImpl:156 
2016-04-13 09:30:59,138  INFO EventsManagerImpl:144 adding Event-Handler: org.matsim.core.trafficmonitoring.TravelTimeCalculator
2016-04-13 09:30:59,138  INFO EventsManagerImpl:148   org.matsim.api.core.v01.events.handler.LinkEnterEventHandler
2016-04-13 09:30:59,138  INFO EventsManagerImpl:207     > org.matsim.api.core.v01.events.LinkEnterEvent
2016-04-13 09:30:59,138  INFO EventsManagerImpl:148   org.matsim.api.core.v01.events.handler.LinkLeaveEventHandler
2016-04-13 09:30:59,138  INFO EventsManagerImpl:207     > org.matsim.api.core.v01.events.LinkLeaveEvent
2016-04-13 09:30:59,139  INFO EventsManagerImpl:148   org.matsim.api.core.v01.events.handler.PersonDepartureEventHandler
2016-04-13 09:30:59,139  INFO EventsManagerImpl:207     > org.matsim.api.core.v01.events.PersonDepartureEvent
2016-04-13 09:30:59,139  INFO EventsManagerImpl:148   org.matsim.api.core.v01.events.handler.PersonArrivalEventHandler
2016-04-13 09:30:59,139  INFO EventsManagerImpl:207     > org.matsim.api.core.v01.events.PersonArrivalEvent
2016-04-13 09:30:59,139  INFO EventsManagerImpl:148   org.matsim.core.api.experimental.events.handler.VehicleArrivesAtFacilityEventHandler
2016-04-13 09:30:59,139  INFO EventsManagerImpl:207     > org.matsim.core.api.experimental.events.VehicleArrivesAtFacilityEvent
2016-04-13 09:30:59,139  INFO EventsManagerImpl:148   org.matsim.api.core.v01.events.handler.TransitDriverStartsEventHandler
2016-04-13 09:30:59,139  INFO EventsManagerImpl:207     > org.matsim.api.core.v01.events.TransitDriverStartsEvent
2016-04-13 09:30:59,139  INFO EventsManagerImpl:148   org.matsim.api.core.v01.events.handler.PersonStuckEventHandler
2016-04-13 09:30:59,139  INFO EventsManagerImpl:207     > org.matsim.api.core.v01.events.PersonStuckEvent
2016-04-13 09:30:59,139  INFO EventsManagerImpl:156 
2016-04-13 09:30:59,139  INFO EventsManagerImpl:144 adding Event-Handler: org.matsim.analysis.VolumesAnalyzer
2016-04-13 09:30:59,139  INFO EventsManagerImpl:148   org.matsim.api.core.v01.events.handler.LinkLeaveEventHandler
2016-04-13 09:30:59,139  INFO EventsManagerImpl:207     > org.matsim.api.core.v01.events.LinkLeaveEvent
2016-04-13 09:30:59,139  INFO EventsManagerImpl:148   org.matsim.api.core.v01.events.handler.PersonDepartureEventHandler
2016-04-13 09:30:59,139  INFO EventsManagerImpl:207     > org.matsim.api.core.v01.events.PersonDepartureEvent
2016-04-13 09:30:59,139  INFO EventsManagerImpl:156 
2016-04-13 09:30:59,139  INFO EventsManagerImpl:144 adding Event-Handler: org.matsim.analysis.VolumesAnalyzer
2016-04-13 09:30:59,140  INFO EventsManagerImpl:148   org.matsim.api.core.v01.events.handler.LinkLeaveEventHandler
2016-04-13 09:30:59,140  INFO EventsManagerImpl:207     > org.matsim.api.core.v01.events.LinkLeaveEvent
2016-04-13 09:30:59,140  INFO EventsManagerImpl:148   org.matsim.api.core.v01.events.handler.PersonDepartureEventHandler
2016-04-13 09:30:59,140  INFO EventsManagerImpl:207     > org.matsim.api.core.v01.events.PersonDepartureEvent
2016-04-13 09:30:59,140  INFO EventsManagerImpl:156 
2016-04-13 09:30:59,140  INFO EventsManagerImpl:144 adding Event-Handler: org.matsim.analysis.LegHistogram
2016-04-13 09:30:59,140  INFO EventsManagerImpl:148   org.matsim.api.core.v01.events.handler.PersonDepartureEventHandler
2016-04-13 09:30:59,140  INFO EventsManagerImpl:207     > org.matsim.api.core.v01.events.PersonDepartureEvent
2016-04-13 09:30:59,140  INFO EventsManagerImpl:148   org.matsim.api.core.v01.events.handler.PersonArrivalEventHandler
2016-04-13 09:30:59,140  INFO EventsManagerImpl:207     > org.matsim.api.core.v01.events.PersonArrivalEvent
2016-04-13 09:30:59,140  INFO EventsManagerImpl:148   org.matsim.api.core.v01.events.handler.PersonStuckEventHandler
2016-04-13 09:30:59,140  INFO EventsManagerImpl:207     > org.matsim.api.core.v01.events.PersonStuckEvent
2016-04-13 09:30:59,140  INFO EventsManagerImpl:156 
2016-04-13 09:30:59,140  INFO EventsManagerImpl:144 adding Event-Handler: org.matsim.analysis.LegHistogram
2016-04-13 09:30:59,140  INFO EventsManagerImpl:148   org.matsim.api.core.v01.events.handler.PersonDepartureEventHandler
2016-04-13 09:30:59,140  INFO EventsManagerImpl:207     > org.matsim.api.core.v01.events.PersonDepartureEvent
2016-04-13 09:30:59,140  INFO EventsManagerImpl:148   org.matsim.api.core.v01.events.handler.PersonArrivalEventHandler
2016-04-13 09:30:59,140  INFO EventsManagerImpl:207     > org.matsim.api.core.v01.events.PersonArrivalEvent
2016-04-13 09:30:59,141  INFO EventsManagerImpl:148   org.matsim.api.core.v01.events.handler.PersonStuckEventHandler
2016-04-13 09:30:59,141  INFO EventsManagerImpl:207     > org.matsim.api.core.v01.events.PersonStuckEvent
2016-04-13 09:30:59,141  INFO EventsManagerImpl:156 
2016-04-13 09:30:59,141  INFO EventsManagerImpl:144 adding Event-Handler: org.matsim.analysis.CalcLegTimes
2016-04-13 09:30:59,141  INFO EventsManagerImpl:148   org.matsim.api.core.v01.events.handler.PersonDepartureEventHandler
2016-04-13 09:30:59,141  INFO EventsManagerImpl:207     > org.matsim.api.core.v01.events.PersonDepartureEvent
2016-04-13 09:30:59,141  INFO EventsManagerImpl:148   org.matsim.api.core.v01.events.handler.PersonArrivalEventHandler
2016-04-13 09:30:59,141  INFO EventsManagerImpl:207     > org.matsim.api.core.v01.events.PersonArrivalEvent
2016-04-13 09:30:59,141  INFO EventsManagerImpl:148   org.matsim.api.core.v01.events.handler.ActivityEndEventHandler
2016-04-13 09:30:59,142  INFO EventsManagerImpl:207     > org.matsim.api.core.v01.events.ActivityEndEvent
2016-04-13 09:30:59,142  INFO EventsManagerImpl:148   org.matsim.api.core.v01.events.handler.ActivityStartEventHandler
2016-04-13 09:30:59,142  INFO EventsManagerImpl:207     > org.matsim.api.core.v01.events.ActivityStartEvent
2016-04-13 09:30:59,142  INFO EventsManagerImpl:156 
2016-04-13 09:30:59,142  INFO EventsManagerImpl:144 adding Event-Handler: org.matsim.analysis.CalcLegTimes
2016-04-13 09:30:59,142  INFO EventsManagerImpl:148   org.matsim.api.core.v01.events.handler.PersonDepartureEventHandler
2016-04-13 09:30:59,142  INFO EventsManagerImpl:207     > org.matsim.api.core.v01.events.PersonDepartureEvent
2016-04-13 09:30:59,143  INFO EventsManagerImpl:148   org.matsim.api.core.v01.events.handler.PersonArrivalEventHandler
2016-04-13 09:30:59,143  INFO EventsManagerImpl:207     > org.matsim.api.core.v01.events.PersonArrivalEvent
2016-04-13 09:30:59,143  INFO EventsManagerImpl:148   org.matsim.api.core.v01.events.handler.ActivityEndEventHandler
2016-04-13 09:30:59,143  INFO EventsManagerImpl:207     > org.matsim.api.core.v01.events.ActivityEndEvent
2016-04-13 09:30:59,143  INFO EventsManagerImpl:148   org.matsim.api.core.v01.events.handler.ActivityStartEventHandler
2016-04-13 09:30:59,143  INFO EventsManagerImpl:207     > org.matsim.api.core.v01.events.ActivityStartEvent
2016-04-13 09:30:59,143  INFO EventsManagerImpl:156 
2016-04-13 09:30:59,144  INFO CalcLinkStats:148  resetting `count' to zero.  This info is here since we want to check when this is happening during normal simulation runs.  kai, jan'11
2016-04-13 09:30:59,145  INFO ControlerListenerManager:108 calling notifyStartup on org.matsim.counts.CountsControlerListener
2016-04-13 09:30:59,145  INFO ControlerListenerManager:108 calling notifyStartup on org.matsim.analysis.ScoreStatsControlerListener
2016-04-13 09:30:59,145  INFO ControlerListenerManager:111 all ControlerStartupListeners called.
2016-04-13 09:30:59,145  INFO ControlerUtils:57 config dump before iterations start
2016-04-13 09:30:59,149  INFO ControlerUtils:61 

<?xml version="1.0" encoding="UTF-8"?>
<!DOCTYPE config SYSTEM "http://www.matsim.org/files/dtd/config_v2.dtd">
<config>

<!-- ====================================================================== -->

	<module name="TimeAllocationMutator" >
		<param name="mutationAffectsDuration" value="true" />

		<!-- Default:1800.0; Defines how many seconds a time mutation can maximally shift a time. -->
		<param name="mutationRange" value="1800.0" />
	</module>

<!-- ====================================================================== -->

	<module name="controler" >

		<!-- Default=false;  -->
		<param name="enableLinkToLinkRouting" value="false" />

		<!-- Default=xml; Specifies the file format for writing events. Currently supported: txt, xml.
		Multiple values can be specified separated by commas (','). -->
		<param name="eventsFileFormat" value="xml" />

		<!-- Default=0;  -->
		<param name="firstIteration" value="0" />

		<!-- Default=1000;  -->
		<param name="lastIteration" value="0" />

		<!-- Defines which mobility simulation will be used. Currently supported: qsim JDEQSim 
		Depending on the chosen mobsim, you'll have to add additional config modules to configure the corresponding mobsim.
		For 'qsim', add a module 'qsim' to the config. -->
		<param name="mobsim" value="qsim" />

		<param name="outputDirectory" value="./output" />

		<!-- Possible values: failIfDirectoryExists, overwriteExistingFiles, deleteDirectoryIfExists -->
		<param name="overwriteFiles" value="deleteDirectoryIfExists" />

		<!-- The type of routing (least cost path) algorithm used, may have the values: Dijkstra, FastDijkstra, AStarLandmarks or FastAStarLandmarks -->
		<param name="routingAlgorithmType" value="Dijkstra" />

		<!-- An identifier for the current run which is used as prefix for output files and mentioned in output xml files etc. -->
		<param name="runId" value="null" />

		<!-- Comma-separated list of visualizer output file formats. `transims', `googleearth', and `otfvis'. -->
		<param name="snapshotFormat" value="" />

		<!-- iterationNumber % writeEventsInterval == 0 defines in which iterations events are written to a file. `0' disables events writing completely. -->
		<param name="writeEventsInterval" value="10" />

		<!-- iterationNumber % writePlansInterval == 0 defines (hopefully) in which iterations plans are written to a file. `0' disables plans writing completely.  Some plans in early iterations are always written -->
		<param name="writePlansInterval" value="10" />

		<!-- iterationNumber % writeSnapshotsInterval == 0 defines in which iterations snapshots are written to a file. `0' disables snapshots writing completely -->
		<param name="writeSnapshotsInterval" value="1" />
	</module>

<!-- ====================================================================== -->

	<module name="counts" >

		<!-- Transport modes that will be respected for the counts comparison. 'car' is default, which includes also bussed from the pt simulation module. Use this parameter in combination with 'filterModes' = true! -->
		<param name="analyzedModes" value="car" />

		<!-- Specifies over how many iterations the link volumes should be averaged that are used for the counts comparison. Use 1 or 0 to only use the link volumes of a single iteration. This values cannot be larger than the value specified for writeCountsInterval -->
		<param name="averageCountsOverIterations" value="5" />

		<!-- factor by which to re-scale the simulated values.  necessary when simulation runs with something different from 100%.  needs to be adapted manually -->
		<param name="countsScaleFactor" value="1.0" />

		<!-- distance to distanceFilterCenterNode to include counting stations. The unit of distance is the Euclidean distance implied by the coordinate system -->
		<param name="distanceFilter" value="null" />

		<!-- node id for center node of distance filter -->
		<param name="distanceFilterCenterNode" value="null" />

		<!-- If true, link counts from legs performed on modes not included in the 'analyzedModes' parameter are ignored. -->
		<param name="filterModes" value="false" />

		<!-- input file name to counts package -->
		<param name="inputCountsFile" value="null" />

		<!-- possible values: `html', `kml', `txt', `all' -->
		<param name="outputformat" value="txt" />

		<!-- Specifies how often the counts comparison should be calculated and written. -->
		<param name="writeCountsInterval" value="10" />
	</module>

<!-- ====================================================================== -->

	<module name="facilities" >
		<param name="inputFacilitiesFile" value="null" />
		<param name="inputFacilityAttributesFile" value="null" />
	</module>

<!-- ====================================================================== -->

	<module name="global" >
		<param name="coordinateSystem" value="Atlantis" />

		<!-- "global" number of threads.  This number is used, e.g., for replanning, but NOT in the mobsim.  This can typically be set to as many cores as you have available, or possibly even slightly more. -->
		<param name="numberOfThreads" value="2" />

		<param name="randomSeed" value="4711" />
	</module>

<!-- ====================================================================== -->

	<module name="households" >
		<param name="inputFile" value="null" />
		<param name="inputHouseholdAttributesFile" value="null" />
	</module>

<!-- ====================================================================== -->

	<module name="linkStats" >

		<!-- Specifies over how many iterations the link volumes should be averaged that are used for the link statistics. Use 1 or 0 to only use the link volumes of a single iteration. This values cannot be larger than the value specified for writeLinkStatsInterval -->
		<param name="averageLinkStatsOverIterations" value="5" />

		<!-- Specifies how often the link stats should be calculated and written. Use 0 to disable the generation of link stats. -->
		<param name="writeLinkStatsInterval" value="10" />
	</module>

<!-- ====================================================================== -->

	<module name="network" >
		<param name="inputChangeEventsFile" value="null" />
		<param name="inputNetworkFile" value="../data/SmallNetwork.xml" />
		<param name="laneDefinitionsFile" value="null" />
		<param name="timeVariantNetwork" value="false" />
	</module>

<!-- ====================================================================== -->

	<module name="parallelEventHandling" >

		<!-- Estimated number of events during mobsim run. An optional optimization hint for the framework. -->
		<param name="estimatedNumberOfEvents" value="null" />

		<!-- Number of threads for parallel events handler. 0 or null means the framework decides by itself. -->
		<param name="numberOfThreads" value="null" />

		<param name="synchronizeOnSimSteps" value="true" />
	</module>

<!-- ====================================================================== -->

	<module name="planCalcScore" >

		<!-- logit model scale parameter. default: 1.  Has name and default value for historical reasons (see Bryan Raney's phd thesis). -->
		<param name="BrainExpBeta" value="1.0" />

		<param name="PathSizeLogitBeta" value="1.0" />

		<!-- [utils/hr] utility for departing early (i.e. before the earliest end time).  Normally negative.  Probably implemented correctly, but not tested. -->
		<param name="earlyDeparture" value="-0.0" />

		<!-- fraction of iterations at which MSA score averaging is started. The matsim theory department suggests to use this together with switching off choice set innovation (where a similar switch exists), but it has not been tested yet. -->
		<param name="fractionOfIterationsToStartScoreMSA" value="null" />

		<!-- [utils/hr] utility for arriving late (i.e. after the latest start time).  normally negative -->
		<param name="lateArrival" value="-18.0" />

		<!-- new_score = (1-learningRate)*old_score + learningRate * score_from_mobsim.  learning rates close to zero emulate score averaging, but slow down initial convergence -->
		<param name="learningRate" value="1.0" />

		<!-- [utils/unit_of_money] conversion of money (e.g. toll, distance cost) into utils. Normall positive (i.e. toll/cost/fare are processed as negative amounts of money). -->
		<param name="marginalUtilityOfMoney" value="1.0" />

		<!-- [utils/hr] marginal utility of doing an activity.  normally positive.  also the opportunity cost of time if agent is doing nothing.  MATSim separates the resource value of time from the direct (dis)utility of travel time, see, e.g., Boerjesson and Eliasson, TR-A 59 (2014) 144-158. -->
		<param name="performing" value="6.0" />

		<!-- There used to be a plateau between duration=0 and duration=zeroUtilityDuration. This caused durations to evolve to zero once they were below zeroUtilityDuration, causing problems.  Only use this switch if you need to be backwards compatible with some old results.  (changed nov'13) -->
		<param name="usingOldScoringBelowZeroUtilityDuration" value="false" />

		<!-- [utils] utility of switching a line (= transfer penalty).  Normally negative -->
		<param name="utilityOfLineSwitch" value="-1.0" />

		<!-- [utils/hr] additional marginal utility for waiting. normally negative. this comes on top of the opportunity cost of time.  Probably implemented correctly, but not tested. -->
		<param name="waiting" value="-0.0" />

		<!-- write a plans file in each iteration directory which contains what each agent actually did, and the score it received. -->
		<param name="writeExperiencedPlans" value="false" />

		<parameterset type="activityParams" >
			<param name="activityType" value="h" />
			<param name="closingTime" value="undefined" />
			<param name="earliestEndTime" value="undefined" />
			<param name="latestStartTime" value="undefined" />
			<param name="minimalDuration" value="undefined" />
			<param name="openingTime" value="undefined" />
			<param name="priority" value="1.0" />
			<param name="scoringThisActivityAtAll" value="true" />
			<param name="typicalDuration" value="12:00:00" />

			<!-- method to compute score at typical duration.  Use uniform for backwards compatibility (all activities same score; higher proba to drop long acts). -->
			<param name="typicalDurationScoreComputation" value="uniform" />
		</parameterset>

		<parameterset type="activityParams" >
			<param name="activityType" value="w" />
			<param name="closingTime" value="undefined" />
			<param name="earliestEndTime" value="undefined" />
			<param name="latestStartTime" value="undefined" />
			<param name="minimalDuration" value="undefined" />
			<param name="openingTime" value="undefined" />
			<param name="priority" value="1.0" />
			<param name="scoringThisActivityAtAll" value="true" />
			<param name="typicalDuration" value="08:00:00" />

			<!-- method to compute score at typical duration.  Use uniform for backwards compatibility (all activities same score; higher proba to drop long acts). -->
			<param name="typicalDurationScoreComputation" value="uniform" />
		</parameterset>

		<parameterset type="modeParams" >

			<!-- [utils] alternative-specific constant.  no guarantee that this is used anywhere. default=0 to be backwards compatible for the time being -->
			<param name="constant" value="0.0" />

			<!-- [utils/m] utility of walking per m, normally negative.  this is on top of the time (dis)utility. -->
			<param name="marginalUtilityOfDistance_util_m" value="0.0" />

			<!-- [utils/hr] additional marginal utility of traveling.  normally negative.  this comes on top of the opportunity cost of time -->
			<param name="marginalUtilityOfTraveling_util_hr" value="-6.0" />

			<param name="mode" value="car" />

			<!-- [unit_of_money/m] conversion of distance into money. Probably needs to be negative to work. -->
			<param name="monetaryDistanceCostRate" value="0.0" />
		</parameterset>

		<parameterset type="modeParams" >

			<!-- [utils] alternative-specific constant.  no guarantee that this is used anywhere. default=0 to be backwards compatible for the time being -->
			<param name="constant" value="0.0" />

			<!-- [utils/m] utility of walking per m, normally negative.  this is on top of the time (dis)utility. -->
			<param name="marginalUtilityOfDistance_util_m" value="0.0" />

			<!-- [utils/hr] additional marginal utility of traveling.  normally negative.  this comes on top of the opportunity cost of time -->
			<param name="marginalUtilityOfTraveling_util_hr" value="-6.0" />

			<param name="mode" value="pt" />

			<!-- [unit_of_money/m] conversion of distance into money. Probably needs to be negative to work. -->
			<param name="monetaryDistanceCostRate" value="0.0" />
		</parameterset>

		<parameterset type="modeParams" >

			<!-- [utils] alternative-specific constant.  no guarantee that this is used anywhere. default=0 to be backwards compatible for the time being -->
			<param name="constant" value="0.0" />

			<!-- [utils/m] utility of walking per m, normally negative.  this is on top of the time (dis)utility. -->
			<param name="marginalUtilityOfDistance_util_m" value="0.0" />

			<!-- [utils/hr] additional marginal utility of traveling.  normally negative.  this comes on top of the opportunity cost of time -->
			<param name="marginalUtilityOfTraveling_util_hr" value="-6.0" />

			<param name="mode" value="walk" />

			<!-- [unit_of_money/m] conversion of distance into money. Probably needs to be negative to work. -->
			<param name="monetaryDistanceCostRate" value="0.0" />
		</parameterset>

		<parameterset type="modeParams" >

			<!-- [utils] alternative-specific constant.  no guarantee that this is used anywhere. default=0 to be backwards compatible for the time being -->
			<param name="constant" value="0.0" />

			<!-- [utils/m] utility of walking per m, normally negative.  this is on top of the time (dis)utility. -->
			<param name="marginalUtilityOfDistance_util_m" value="0.0" />

			<!-- [utils/hr] additional marginal utility of traveling.  normally negative.  this comes on top of the opportunity cost of time -->
			<param name="marginalUtilityOfTraveling_util_hr" value="-6.0" />

			<param name="mode" value="bike" />

			<!-- [unit_of_money/m] conversion of distance into money. Probably needs to be negative to work. -->
			<param name="monetaryDistanceCostRate" value="0.0" />
		</parameterset>

		<parameterset type="modeParams" >

			<!-- [utils] alternative-specific constant.  no guarantee that this is used anywhere. default=0 to be backwards compatible for the time being -->
			<param name="constant" value="0.0" />

			<!-- [utils/m] utility of walking per m, normally negative.  this is on top of the time (dis)utility. -->
			<param name="marginalUtilityOfDistance_util_m" value="0.0" />

			<!-- [utils/hr] additional marginal utility of traveling.  normally negative.  this comes on top of the opportunity cost of time -->
			<param name="marginalUtilityOfTraveling_util_hr" value="-6.0" />

			<param name="mode" value="other" />

			<!-- [unit_of_money/m] conversion of distance into money. Probably needs to be negative to work. -->
			<param name="monetaryDistanceCostRate" value="0.0" />
		</parameterset>
	</module>

<!-- ====================================================================== -->

	<module name="plans" >

		<!-- String: minOfDurationAndEndTime tryEndTimeThenDuration endTimeOnly. Anything besides minOfDurationAndEndTime will internally use a different (simpler) version of the TimeAllocationMutator. -->
		<param name="activityDurationInterpretation" value="tryEndTimeThenDuration" />

		<!-- Path to a file containing person attributes (required file format: ObjectAttributes). -->
		<param name="inputPersonAttributesFile" value="null" />

		<param name="inputPlansFile" value="../data/SmallPopulation.xml" />

		<!-- Defines how routes are stored in memory. Currently supported: LinkNetworkRoute, CompressedNetworkRoute. -->
		<param name="networkRouteType" value="LinkNetworkRoute" />

		<!-- (not tested) will remove plan attributes that are presumably not used, such as activityStartTime. default=false -->
		<param name="removingUnnecessaryPlanAttributes" value="false" />

		<!-- Name of the (Object)Attribute defining the subpopulation to which pertains a Person (as freight, through traffic, etc.). The attribute must be of String type. -->
		<param name="subpopulationAttributeName" value="subpopulation" />
	</module>

<!-- ====================================================================== -->

	<module name="planscalcroute" >

		<!-- All the modes for which the router is supposed to generate network routes (like car) -->
		<param name="networkModes" value="car,ride" />

		<parameterset type="teleportedModeParameters" >
			<param name="beelineDistanceFactor" value="1.3" />
			<param name="mode" value="bike" />

			<!-- Free-speed factor for a teleported mode. Travel time = teleportedModeFreespeedFactor * <freespeed car travel time>. Insert a line like this for every such mode. Please do not set teleportedModeFreespeedFactor as well as teleportedModeSpeed for the same mode, but if you do, +teleportedModeFreespeedFactor wins over teleportedModeSpeed. -->
			<param name="teleportedModeFreespeedFactor" value="null" />

			<!-- Speed for a teleported mode. Travel time = (<beeline distance> * beelineDistanceFactor) / teleportedModeSpeed. Insert a line like this for every such mode. -->
			<param name="teleportedModeSpeed" value="4.166666666666667" />
		</parameterset>

		<parameterset type="teleportedModeParameters" >
			<param name="beelineDistanceFactor" value="1.3" />
			<param name="mode" value="walk" />

			<!-- Free-speed factor for a teleported mode. Travel time = teleportedModeFreespeedFactor * <freespeed car travel time>. Insert a line like this for every such mode. Please do not set teleportedModeFreespeedFactor as well as teleportedModeSpeed for the same mode, but if you do, +teleportedModeFreespeedFactor wins over teleportedModeSpeed. -->
			<param name="teleportedModeFreespeedFactor" value="null" />

			<!-- Speed for a teleported mode. Travel time = (<beeline distance> * beelineDistanceFactor) / teleportedModeSpeed. Insert a line like this for every such mode. -->
			<param name="teleportedModeSpeed" value="0.8333333333333333" />
		</parameterset>

		<parameterset type="teleportedModeParameters" >
			<param name="beelineDistanceFactor" value="1.3" />
			<param name="mode" value="undefined" />

			<!-- Free-speed factor for a teleported mode. Travel time = teleportedModeFreespeedFactor * <freespeed car travel time>. Insert a line like this for every such mode. Please do not set teleportedModeFreespeedFactor as well as teleportedModeSpeed for the same mode, but if you do, +teleportedModeFreespeedFactor wins over teleportedModeSpeed. -->
			<param name="teleportedModeFreespeedFactor" value="null" />

			<!-- Speed for a teleported mode. Travel time = (<beeline distance> * beelineDistanceFactor) / teleportedModeSpeed. Insert a line like this for every such mode. -->
			<param name="teleportedModeSpeed" value="13.88888888888889" />
		</parameterset>

		<parameterset type="teleportedModeParameters" >
			<param name="beelineDistanceFactor" value="1.3" />
			<param name="mode" value="pt" />

			<!-- Free-speed factor for a teleported mode. Travel time = teleportedModeFreespeedFactor * <freespeed car travel time>. Insert a line like this for every such mode. Please do not set teleportedModeFreespeedFactor as well as teleportedModeSpeed for the same mode, but if you do, +teleportedModeFreespeedFactor wins over teleportedModeSpeed. -->
			<param name="teleportedModeFreespeedFactor" value="2.0" />

			<!-- Speed for a teleported mode. Travel time = (<beeline distance> * beelineDistanceFactor) / teleportedModeSpeed. Insert a line like this for every such mode. -->
			<param name="teleportedModeSpeed" value="null" />
		</parameterset>
	</module>

<!-- ====================================================================== -->

	<module name="ptCounts" >

		<!-- factor by which to re-scale the simulated values.  necessary when simulation runs with something different from 100%.  needs to be adapted manually -->
		<param name="countsScaleFactor" value="1.0" />

		<!-- distance to distanceFilterCenterNode to include counting stations. The unit of distance is the Euclidean distance implied by the coordinate system -->
		<param name="distanceFilter" value="null" />

		<!-- node id for center node of distance filter -->
		<param name="distanceFilterCenterNode" value="null" />

		<!-- input file containing the alighting (getting off) counts for pt -->
		<param name="inputAlightCountsFile" value="null" />

		<!-- input file containing the boarding (getting on) counts for pt -->
		<param name="inputBoardCountsFile" value="null" />

		<!-- input file containing the occupancy counts for pt -->
		<param name="inputOccupancyCountsFile" value="null" />

		<!-- possible values: `html', `kml', `txt', `all' -->
		<param name="outputformat" value="null" />

		<!-- every how many iterations (starting with 0) counts comparisons are generated -->
		<param name="ptCountsInterval" value="10" />
	</module>

<!-- ====================================================================== -->

	<module name="qsim" >
		<param name="endTime" value="undefined" />
		<param name="flowCapacityFactor" value="1.0" />

		<!-- decides if waiting vehicles enter the network after or before the already driving vehicles were moved. Default: false -->
		<param name="insertingWaitingVehiclesBeforeDrivingVehicles" value="false" />

		<!-- default: FIFO; options: FIFO PassingQ -->
		<param name="linkDynamics" value="FIFO" />

		<!-- The (initial) width of the links of the network. Use positive floating point values. -->
		<param name="linkWidth" value="30.0" />

		<!-- [comma-separated list] Defines which modes are congested modes. Technically, these are the modes that the departure handler of the netsimengine handles.  Effective cell size, effective lane width, flow capacity factor, and storage capacity factor need to be set with diligence.  Need to be vehicular modes to make sense. -->
		<param name="mainMode" value="car" />

		<!-- Shortens a link in the visualization, i.e. its start and end point are moved into towards the center. Does not affect traffic flow.  -->
		<param name="nodeOffset" value="0.0" />

		<!-- Number of threads used for the QSim.  Note that this setting is independent from the "global" threads setting.  In contrast to earlier versions, the non-parallel special version is no longer there. -->
		<param name="numberOfThreads" value="1" />

		<!-- Boolean. `true': stuck vehicles are removed, aborting the plan; `false': stuck vehicles are forced into the next link. `false' is probably the better choice. -->
		<param name="removeStuckVehicles" value="false" />

		<!-- `maxOfStarttimeAndEarliestActivityEnd' (default behavior) or `onlyUseStarttime' -->
		<param name="simStarttimeInterpretation" value="maxOfStarttimeAndEarliestActivityEnd" />

		<!-- snapshotStyle. One of: equiDist (vehicles equidistant on link) or queue (vehicles queued at end of link) or withHoles (experimental!!) -->
		<param name="snapshotStyle" value="equiDist" />

		<param name="snapshotperiod" value="00:00:00" />
		<param name="startTime" value="undefined" />
		<param name="storageCapacityFactor" value="1.0" />

		<!-- time in seconds.  Time after which the frontmost vehicle on a link is called `stuck' if it does not move. -->
		<param name="stuckTime" value="10.0" />

		<param name="timeStepSize" value="00:00:01" />

		<!-- options: nullqueue withHoles  -->
		<param name="trafficDynamics" value="queue" />

		<!-- If this is true, we do not expect (or use) vehicles from the vehicles database, but create vehicles on the fly with default properties. -->
		<param name="useDefaultVehicles" value="true" />

		<!-- If a route does not reference a vehicle, agents will use the vehicle with the same id as their own. -->
		<param name="usePersonIdForMissingVehicleId" value="true" />

		<!-- normally, the qsim accumulates fractional flows up to one flow unit.  This is impractical with  with smaller PCEs.  If this switch is set to true, cars can enter a link if the accumulated flow is >=0, and the accumulated flow can go into negative.  Will probably become the default eventually. -->
		<param name="usingFastCapacityUpdate" value="false" />

		<!-- if the qsim should use as many runners as there are threads (Christoph's dissertation version) or more of them, together with a thread pool (seems to be faster in some situations, but is not tested). -->
		<param name="usingThreadpool" value="false" />

		<!-- Defines what happens if an agent wants to depart, but the specified vehicle is not available. One of: teleport, wait, exception -->
		<param name="vehicleBehavior" value="teleport" />
	</module>

<!-- ====================================================================== -->

	<module name="scenario" >

		<!-- Set this parameter to true if households should be used, false if not. -->
		<param name="useHouseholds" value="false" />

		<!-- Set this parameter to true if lanes should be used, false if not. -->
		<param name="useLanes" value="false" />

		<!-- Set this parameter to true if signal systems should be used, false if not. -->
		<param name="useSignalsystems" value="false" />

		<!-- Set this parameter to true if transit should be simulated, false if not. -->
		<param name="useTransit" value="false" />

		<!-- Set this parameter to true if vehicles should be used, false if not. -->
		<param name="useVehicles" value="false" />
	</module>

<!-- ====================================================================== -->

	<module name="signalsystems" >
		<param name="actionOnIntergreenViolation" value="warn" />
		<param name="ambertimes" value="null" />
		<param name="intergreentimes" value="null" />
		<param name="signalcontrol" value="null" />
		<param name="signalgroups" value="null" />
		<param name="signalsystems" value="null" />
		<param name="useAmbertimes" value="false" />
		<param name="useIntergreentimes" value="false" />
	</module>

<!-- ====================================================================== -->

	<module name="strategy" >

		<!-- the external executable will be called with a config file as argument.  This is the pathname to a possible skeleton config, to which additional information will be added.  Can be null. -->
		<param name="ExternalExeConfigTemplate" value="null" />

		<!-- time out value (in seconds) after which matsim will consider the external strategy as failed -->
		<param name="ExternalExeTimeOut" value="3600" />

		<!-- root directory for temporary files generated by the external executable. Provided as a service; I don't think this is used by MATSim. -->
		<param name="ExternalExeTmpFileRootDir" value="null" />

		<!-- fraction of iterations where innovative strategies are switched off.  Something link 0.8 should be good.  E.g. if you run from iteration 400 to iteration 500, innovation is switched off at iteration 480 -->
		<param name="fractionOfIterationsToDisableInnovation" value="Infinity" />

		<!-- maximum number of plans per agent.  ``0'' means ``infinity''.  Currently (2010), ``5'' is a good number -->
		<param name="maxAgentPlanMemorySize" value="5" />

		<!-- name of PlanSelector for plans removal.  Possible defaults: WorstPlanSelector SelectRandom SelectExpBetaForRemoval ChangeExpBetaForRemoval PathSizeLogitSelectorForRemoval . The current default, WorstPlanSelector is not a good choice from a discrete choice theoretical perspective. Alternatives, however, have not been systematically tested. kai, feb'12 -->
		<param name="planSelectorForRemoval" value="WorstPlanSelector" />
	</module>

<!-- ====================================================================== -->

	<module name="subtourModeChoice" >

		<!-- Defines the chain-based modes, seperated by commas -->
		<param name="chainBasedModes" value="car,bike" />

		<!-- Defines whether car availability must be considered or not. A agent has no car only if it has no license, or never access to a car -->
		<param name="considerCarAvailability" value="false" />

		<!-- Defines all the modes available, including chain-based modes, seperated by commas -->
		<param name="modes" value="car,pt,bike,walk" />
	</module>

<!-- ====================================================================== -->

	<module name="transit" >

		<!-- Optional input file containing additional attributes for transit lines, stored as ObjectAttributes. -->
		<param name="transitLinesAttributesFile" value="null" />

		<!-- Comma-separated list of transportation modes that are handled as transit. Defaults to 'pt'. -->
		<param name="transitModes" value="pt" />

		<!-- Input file containing the transit schedule to be simulated. -->
		<param name="transitScheduleFile" value="null" />

		<!-- Optional input file containing additional attributes for transit stop facilities, stored as ObjectAttributes. -->
		<param name="transitStopsAttributesFile" value="null" />

		<!-- Input file containing the vehicles used by the departures in the transit schedule. -->
		<param name="vehiclesFile" value="null" />
	</module>

<!-- ====================================================================== -->

	<module name="transitRouter" >

		<!-- additional time the router allocates when a line switch happens. Can be interpreted as a 'safety' time that agents need to safely transfer from one line to another -->
		<param name="additionalTransferTime" value="0.0" />

		<!-- step size to increase searchRadius if no stops are found -->
		<param name="extensionRadius" value="200.0" />

		<!-- maximum beeline distance between stops that agents could transfer to by walking -->
		<param name="maxBeelineWalkConnectionDistance" value="100.0" />

		<!-- the radius in which stop locations are searched, given a start or target coordinate -->
		<param name="searchRadius" value="1000.0" />
	</module>

<!-- ====================================================================== -->

	<module name="travelTimeCalculator" >

		<!-- Transport modes that will be respected by the travel time collector. 'car' is default, which includes also bussed from the pt simulation module. Use this parameter in combination with 'filterModes' = true! -->
		<param name="analyzedModes" value="car" />

		<param name="calculateLinkToLinkTravelTimes" value="false" />
		<param name="calculateLinkTravelTimes" value="true" />

		<!-- If true, link travel times from legs performed on modes not included in the 'analyzedModes' parameter are ignored. -->
		<param name="filterModes" value="false" />

		<!-- How to deal with congested time bins that have no link entry events. `optimistic' assumes free speed (too optimistic); 'experimental_LastMile' is experimental and probably too pessimistic. -->
		<param name="travelTimeAggregator" value="optimistic" />

		<!-- The size of the time bin (in sec) into which the link travel times are aggregated for the router -->
		<param name="travelTimeBinSize" value="900" />

		<!-- possible values: nullTravelTimeCalculatorArray TravelTimeCalculatorHashMap  -->
		<param name="travelTimeCalculator" value="TravelTimeCalculatorArray" />

		<!-- How to deal with link entry times at different positions during the time bin. Currently supported: average, linearinterpolation -->
		<param name="travelTimeGetter" value="average" />
	</module>

<!-- ====================================================================== -->

	<module name="vehicles" >
		<param name="vehiclesFile" value="null" />
	</module>

<!-- ====================================================================== -->

	<module name="vspExperimental" >

		<!-- (do not use) Set this filename of MZ05 daily analysis -->
		<param name="inputMZ05File" value="" />

		<!-- (do not use except of you have to) There was a problem with pt interaction scoring.  Some people solved it by overwriting the parameters of the pt interaction activity type.  Doing this now throws an Exception.  If you still insist on doing this, set the following to true. -->
		<param name="isAbleToOverwritePtInteractionParams" value="false" />

		<param name="isGeneratingBoardingDeniedEvent" value="false" />

		<!-- if an approximation of the opportunity cost of time is included into the radius calculation for location choice.`true' will be faster, but it is an approximation.  Default is `true'; `false' is available for backwards compatibility. -->
		<param name="isUsingOpportunityCostOfTimeForLocationChoice" value="true" />

		<param name="logitScaleParamForPlansRemoval" value="1.0" />

		<!-- Options: [Lorg.matsim.core.config.groups.VspExperimentalConfigGroup$VspDefaultsCheckingLevel;@221a3fa4.  When violating VSP defaults, this results in nothing, logfile infos, logfile warnings, or aborts.  Members of VSP should use `abort' or talk to kai. -->
		<param name="vspDefaultsCheckingLevel" value="ignore" />

		<!-- if true then writes output_events in output directory.  default is `false'. Will only work when lastIteration is multiple of events writing interval -->
		<param name="writingOutputEvents" value="false" />
	</module>

<!-- ====================================================================== -->

</config>

2016-04-13 09:30:59,150  INFO ControlerUtils:62 Complete config dump done.
2016-04-13 09:30:59,150  INFO ControlerUtils:63 Checking consistency of config...
2016-04-13 09:30:59,150  INFO PlanCalcScoreConfigGroup:397 NO OPENING OR CLOSING TIMES DEFINED!


There is no activity type that has an opening *and* closing time (or opening time and late penalty) defined.
This usually means that the activity chains can be shifted by an arbitrary
number of hours without having an effect on the score of the plans, and thus
resulting in wrong results / traffic patterns.
If you are using MATSim without time adaptation, you can ignore this warning.



2016-04-13 09:30:59,151  INFO VspConfigConsistencyCheckerImpl:55 NOT running vsp config consistency check because vsp defaults checking level is set to IGNORE
2016-04-13 09:30:59,151  INFO ControlerUtils:65 Checking consistency of config done.
2016-04-13 09:30:59,157  INFO NetworkImpl:358 building QuadTree for nodes: xrange(-1.0,100001.0); yrange(-1.0,100001.0)
2016-04-13 09:30:59,159  INFO NetworkImpl:367 Building QuadTree took 0.002 seconds.
2016-04-13 09:30:59,161  INFO Counter:51 [PersonPrepareForSim] handled person # 1
2016-04-13 09:30:59,161  INFO Counter:51 [PersonPrepareForSim] handled person # 2
2016-04-13 09:30:59,161  INFO Counter:51 [PersonPrepareForSim] handled person # 4
2016-04-13 09:30:59,161  INFO Counter:51 [PersonPrepareForSim] handled person # 8
2016-04-13 09:30:59,161  INFO Counter:51 [PersonPrepareForSim] handled person # 16
2016-04-13 09:30:59,162  INFO Counter:51 [PersonPrepareForSim] handled person # 32
2016-04-13 09:30:59,163  INFO Counter:51 [PersonPrepareForSim] handled person # 64
2016-04-13 09:30:59,164  INFO Counter:57 [PersonPrepareForSim] handled person # 99
2016-04-13 09:30:59,164  INFO AbstractController:240 ###################################################
2016-04-13 09:30:59,164  INFO AbstractController:241 ### ITERATION 0 BEGINS
2016-04-13 09:30:59,165  INFO ControlerListenerManager:141 calling notifyIterationStarts on org.matsim.core.controler.corelisteners.PlansScoringImpl
2016-04-13 09:30:59,171  INFO EventsManagerImpl:144 adding Event-Handler: org.matsim.core.scoring.EventsToScore
2016-04-13 09:30:59,172  INFO EventsManagerImpl:148   org.matsim.core.events.handler.BasicEventHandler
2016-04-13 09:30:59,172  INFO EventsManagerImpl:207     > org.matsim.api.core.v01.events.Event
2016-04-13 09:30:59,172  INFO EventsManagerImpl:156 
2016-04-13 09:30:59,172  INFO EventsManagerImpl:144 adding Event-Handler: org.matsim.core.scoring.EventsToScore
2016-04-13 09:30:59,172  INFO EventsManagerImpl:148   org.matsim.core.events.handler.BasicEventHandler
2016-04-13 09:30:59,172  INFO EventsManagerImpl:207     > org.matsim.api.core.v01.events.Event
2016-04-13 09:30:59,172  INFO EventsManagerImpl:156 
2016-04-13 09:30:59,172  INFO ControlerListenerManager:146 calling notifyIterationStarts on org.matsim.core.controler.corelisteners.LegHistogramListener
2016-04-13 09:30:59,172  INFO ControlerListenerManager:146 calling notifyIterationStarts on org.matsim.core.controler.corelisteners.LinkStatsControlerListener
2016-04-13 09:30:59,172  INFO ControlerListenerManager:149 [it.0] all ControlerIterationStartsListeners called.
2016-04-13 09:30:59,173  INFO ControlerListenerManager:225 calling notifyBeforeMobsim on org.matsim.core.controler.corelisteners.EventsHandlingImpl
2016-04-13 09:30:59,173  INFO EventsManagerImpl:170 resetting Event-Handlers
2016-04-13 09:30:59,173  INFO EventsManagerImpl:177   org.matsim.core.trafficmonitoring.TravelTimeCalculator
2016-04-13 09:30:59,173  INFO EventsManagerImpl:177   org.matsim.analysis.VolumesAnalyzer
2016-04-13 09:30:59,173  INFO EventsManagerImpl:177   org.matsim.analysis.LegHistogram
2016-04-13 09:30:59,173  INFO EventsManagerImpl:177   org.matsim.analysis.CalcLegTimes
2016-04-13 09:30:59,173  INFO EventsManagerImpl:177   org.matsim.core.scoring.EventsToScore
2016-04-13 09:30:59,176  INFO EventsManagerImpl:144 adding Event-Handler: org.matsim.core.events.algorithms.EventWriterXML
2016-04-13 09:30:59,176  INFO EventsManagerImpl:148   org.matsim.core.events.algorithms.EventWriter
2016-04-13 09:30:59,176  INFO EventsManagerImpl:148   org.matsim.core.events.handler.BasicEventHandler
2016-04-13 09:30:59,176  INFO EventsManagerImpl:207     > org.matsim.api.core.v01.events.Event
2016-04-13 09:30:59,176  INFO EventsManagerImpl:156 
2016-04-13 09:30:59,176  INFO EventsManagerImpl:144 adding Event-Handler: org.matsim.core.events.algorithms.EventWriterXML
2016-04-13 09:30:59,176  INFO EventsManagerImpl:148   org.matsim.core.events.algorithms.EventWriter
2016-04-13 09:30:59,176  INFO EventsManagerImpl:148   org.matsim.core.events.handler.BasicEventHandler
2016-04-13 09:30:59,176  INFO EventsManagerImpl:207     > org.matsim.api.core.v01.events.Event
2016-04-13 09:30:59,176  INFO EventsManagerImpl:156 
2016-04-13 09:30:59,177  INFO ControlerListenerManager:225 calling notifyBeforeMobsim on org.matsim.core.controler.corelisteners.PlansDumpingImpl
2016-04-13 09:30:59,177  INFO PlansDumpingImpl:93 dumping plans...
2016-04-13 09:30:59,179  INFO Counter:51 [PopulationWriter] dumped person # 1
2016-04-13 09:30:59,180  INFO Counter:51 [PopulationWriter] dumped person # 2
2016-04-13 09:30:59,180  INFO Counter:51 [PopulationWriter] dumped person # 4
2016-04-13 09:30:59,180  INFO Counter:51 [PopulationWriter] dumped person # 8
2016-04-13 09:30:59,181  INFO Counter:51 [PopulationWriter] dumped person # 16
2016-04-13 09:30:59,182  INFO Counter:51 [PopulationWriter] dumped person # 32
2016-04-13 09:30:59,184  INFO Counter:51 [PopulationWriter] dumped person # 64
2016-04-13 09:30:59,185  INFO PopulationWriter:95 Population written to: ./output/ITERS/it.0/0.plans.xml.gz
2016-04-13 09:30:59,186  INFO Counter:57 [PopulationWriter] dumped person # 99
2016-04-13 09:30:59,186  INFO PlansDumpingImpl:95 finished plans dump.
2016-04-13 09:30:59,186  INFO ControlerListenerManager:230 calling notifyBeforeMobsim on org.matsim.population.VspPlansCleaner
2016-04-13 09:30:59,186  INFO ControlerListenerManager:233 [it.0] all ControlerBeforeMobsimListeners called.
2016-04-13 09:30:59,205  INFO MobsimListenerManager:49 calling addQueueSimulationListener
2016-04-13 09:30:59,206  INFO MobsimListenerManager:53   assigned class org.matsim.core.mobsim.framework.listeners.MobsimListener to interface org.matsim.core.mobsim.framework.listeners.MobsimInitializedListener
2016-04-13 09:30:59,206  INFO MobsimListenerManager:53   assigned class org.matsim.core.mobsim.framework.listeners.MobsimListener to interface org.matsim.core.mobsim.framework.listeners.MobsimBeforeCleanupListener
2016-04-13 09:30:59,206  INFO MobsimListenerManager:53   assigned class org.matsim.core.mobsim.framework.listeners.MobsimListener to interface org.matsim.core.mobsim.framework.listeners.MobsimListener
2016-04-13 09:30:59,206  INFO MobsimListenerManager:53   assigned class org.matsim.core.mobsim.framework.listeners.MobsimListener to interface org.matsim.vis.snapshotwriters.SnapshotWriterManager
2016-04-13 09:30:59,206  INFO MobsimListenerManager:53   assigned class org.matsim.core.mobsim.framework.listeners.MobsimListener to interface org.matsim.core.mobsim.framework.listeners.MobsimAfterSimStepListener
2016-04-13 09:30:59,209  WARN QVehicle:74 No VehicleCapacity (= maximum number of passengers) set in Vehicle. Using default value of 4.  This is only a problem if you need vehicles with different capacities, e.g. for minibuses.
2016-04-13 09:30:59,209  WARN QVehicle:74 No VehicleCapacity (= maximum number of passengers) set in Vehicle. Using default value of 4.  This is only a problem if you need vehicles with different capacities, e.g. for minibuses.
2016-04-13 09:30:59,209  WARN QVehicle:74 No VehicleCapacity (= maximum number of passengers) set in Vehicle. Using default value of 4.  This is only a problem if you need vehicles with different capacities, e.g. for minibuses.
2016-04-13 09:30:59,209  WARN QVehicle:74 No VehicleCapacity (= maximum number of passengers) set in Vehicle. Using default value of 4.  This is only a problem if you need vehicles with different capacities, e.g. for minibuses.
2016-04-13 09:30:59,209  WARN QVehicle:74 No VehicleCapacity (= maximum number of passengers) set in Vehicle. Using default value of 4.  This is only a problem if you need vehicles with different capacities, e.g. for minibuses.
2016-04-13 09:30:59,209  WARN QVehicle:74 No VehicleCapacity (= maximum number of passengers) set in Vehicle. Using default value of 4.  This is only a problem if you need vehicles with different capacities, e.g. for minibuses.
2016-04-13 09:30:59,209  WARN QVehicle:74 No VehicleCapacity (= maximum number of passengers) set in Vehicle. Using default value of 4.  This is only a problem if you need vehicles with different capacities, e.g. for minibuses.
2016-04-13 09:30:59,210  WARN QVehicle:74 No VehicleCapacity (= maximum number of passengers) set in Vehicle. Using default value of 4.  This is only a problem if you need vehicles with different capacities, e.g. for minibuses.
2016-04-13 09:30:59,210  WARN QVehicle:74 No VehicleCapacity (= maximum number of passengers) set in Vehicle. Using default value of 4.  This is only a problem if you need vehicles with different capacities, e.g. for minibuses.
2016-04-13 09:30:59,210  WARN QVehicle:74 No VehicleCapacity (= maximum number of passengers) set in Vehicle. Using default value of 4.  This is only a problem if you need vehicles with different capacities, e.g. for minibuses.
2016-04-13 09:30:59,210  WARN QVehicle:79  Future occurences of this logging statement are suppressed.
2016-04-13 09:30:59,212  INFO QNetsimEngine:534 Assigned 10 nodes and 10 links to QSimEngineRunner #0
2016-04-13 09:30:59,213  INFO EventsManagerImpl:134  event # 1
2016-04-13 09:30:59,218  INFO EventsManagerImpl:134  event # 2
2016-04-13 09:30:59,218  INFO EventsManagerImpl:134  event # 4
2016-04-13 09:30:59,219  INFO EventsManagerImpl:134  event # 8
2016-04-13 09:30:59,219  INFO EventsManagerImpl:134  event # 16
2016-04-13 09:30:59,220  INFO EventsManagerImpl:134  event # 32
2016-04-13 09:30:59,220  INFO EventsManagerImpl:134  event # 64
2016-04-13 09:30:59,221  INFO EventsManagerImpl:134  event # 128
2016-04-13 09:30:59,225  INFO EventsManagerImpl:134  event # 256
2016-04-13 09:30:59,230  INFO QNetsimEngine:364 SIMULATION (QNetsimEngine) AT 06:00:00 : #links=1 #nodes=0
2016-04-13 09:30:59,230  INFO QSim:426 SIMULATION (NEW QSim) AT 06:00:00 : #Veh=99 lost=0 simT=0.0s realT=0s; (s/r): 0.0
2016-04-13 09:30:59,230  INFO Gbl:52 used RAM: 38673104B = 37766kB = 36MB  free: 114943280B = 109MB  total: 153616384B = 146MB
2016-04-13 09:30:59,232  INFO EventsManagerImpl:134  event # 512
2016-04-13 09:30:59,263  INFO QNetsimEngine:364 SIMULATION (QNetsimEngine) AT 07:00:00 : #links=0 #nodes=0
2016-04-13 09:30:59,263  INFO QSim:426 SIMULATION (NEW QSim) AT 07:00:00 : #Veh=99 lost=0 simT=3600.0s realT=0s; (s/r): Infinity
2016-04-13 09:30:59,263  INFO Gbl:52 used RAM: 40258464B = 39314kB = 38MB  free: 113357920B = 108MB  total: 153616384B = 146MB
2016-04-13 09:30:59,297  INFO QNetsimEngine:364 SIMULATION (QNetsimEngine) AT 08:00:00 : #links=0 #nodes=0
2016-04-13 09:30:59,297  INFO QSim:426 SIMULATION (NEW QSim) AT 08:00:00 : #Veh=99 lost=0 simT=7200.0s realT=0s; (s/r): Infinity
2016-04-13 09:30:59,297  INFO Gbl:52 used RAM: 41843856B = 40863kB = 39MB  free: 111772528B = 106MB  total: 153616384B = 146MB
2016-04-13 09:30:59,327  INFO QNetsimEngine:364 SIMULATION (QNetsimEngine) AT 09:00:00 : #links=0 #nodes=0
2016-04-13 09:30:59,328  INFO QSim:426 SIMULATION (NEW QSim) AT 09:00:00 : #Veh=99 lost=0 simT=10800.0s realT=0s; (s/r): Infinity
2016-04-13 09:30:59,328  INFO Gbl:52 used RAM: 43697728B = 42673kB = 41MB  free: 109918656B = 104MB  total: 153616384B = 146MB
2016-04-13 09:30:59,354  INFO QNetsimEngine:364 SIMULATION (QNetsimEngine) AT 10:00:00 : #links=0 #nodes=0
2016-04-13 09:30:59,354  INFO QSim:426 SIMULATION (NEW QSim) AT 10:00:00 : #Veh=99 lost=0 simT=14400.0s realT=0s; (s/r): Infinity
2016-04-13 09:30:59,354  INFO Gbl:52 used RAM: 45283152B = 44221kB = 43MB  free: 108333232B = 103MB  total: 153616384B = 146MB
2016-04-13 09:30:59,365  INFO QNetsimEngine:364 SIMULATION (QNetsimEngine) AT 11:00:00 : #links=0 #nodes=0
2016-04-13 09:30:59,366  INFO QSim:426 SIMULATION (NEW QSim) AT 11:00:00 : #Veh=99 lost=0 simT=18000.0s realT=0s; (s/r): Infinity
2016-04-13 09:30:59,366  INFO Gbl:52 used RAM: 45820032B = 44746kB = 43MB  free: 107796352B = 102MB  total: 153616384B = 146MB
2016-04-13 09:30:59,395  INFO QNetsimEngine:364 SIMULATION (QNetsimEngine) AT 12:00:00 : #links=0 #nodes=0
2016-04-13 09:30:59,395  INFO QSim:426 SIMULATION (NEW QSim) AT 12:00:00 : #Veh=99 lost=0 simT=21600.0s realT=0s; (s/r): Infinity
2016-04-13 09:30:59,395  INFO Gbl:52 used RAM: 47136984B = 46032kB = 44MB  free: 106479400B = 101MB  total: 153616384B = 146MB
2016-04-13 09:30:59,425  INFO QNetsimEngine:364 SIMULATION (QNetsimEngine) AT 13:00:00 : #links=0 #nodes=0
2016-04-13 09:30:59,426  INFO QSim:426 SIMULATION (NEW QSim) AT 13:00:00 : #Veh=99 lost=0 simT=25200.0s realT=0s; (s/r): Infinity
2016-04-13 09:30:59,426  INFO Gbl:52 used RAM: 48990864B = 47842kB = 46MB  free: 104625520B = 99MB  total: 153616384B = 146MB
2016-04-13 09:30:59,457  INFO QNetsimEngine:364 SIMULATION (QNetsimEngine) AT 14:00:00 : #links=0 #nodes=0
2016-04-13 09:30:59,457  INFO QSim:426 SIMULATION (NEW QSim) AT 14:00:00 : #Veh=99 lost=0 simT=28800.0s realT=0s; (s/r): Infinity
2016-04-13 09:30:59,457  INFO Gbl:52 used RAM: 49527808B = 48367kB = 47MB  free: 104088576B = 99MB  total: 153616384B = 146MB
2016-04-13 09:30:59,487  INFO QNetsimEngine:364 SIMULATION (QNetsimEngine) AT 15:00:00 : #links=0 #nodes=0
2016-04-13 09:30:59,487  INFO QSim:426 SIMULATION (NEW QSim) AT 15:00:00 : #Veh=99 lost=0 simT=32400.0s realT=0s; (s/r): Infinity
2016-04-13 09:30:59,487  INFO Gbl:52 used RAM: 51381824B = 50177kB = 49MB  free: 102234560B = 97MB  total: 153616384B = 146MB
2016-04-13 09:30:59,520  INFO QNetsimEngine:364 SIMULATION (QNetsimEngine) AT 16:00:00 : #links=1 #nodes=0
2016-04-13 09:30:59,520  INFO QSim:426 SIMULATION (NEW QSim) AT 16:00:00 : #Veh=99 lost=0 simT=36000.0s realT=0s; (s/r): Infinity
2016-04-13 09:30:59,520  INFO Gbl:52 used RAM: 53504216B = 52250kB = 51MB  free: 100112168B = 95MB  total: 153616384B = 146MB
2016-04-13 09:30:59,520  INFO EventsManagerImpl:134  event # 1024
2016-04-13 09:30:59,523  INFO Gbl:185 Thread performance: Thread=QNetsimEngineRunner_0  cpu-time=0.1248008sec
2016-04-13 09:30:59,536  INFO AbstractController$8:329 ### ITERATION 0 fires after mobsim event
2016-04-13 09:30:59,536  INFO ControlerListenerManager:244 calling notifyAfterMobsim on org.matsim.core.controler.corelisteners.EventsHandlingImpl
2016-04-13 09:30:59,536  INFO ControlerListenerManager:249 calling notifyAfterMobsim on org.matsim.analysis.LegTimesControlerListener
2016-04-13 09:30:59,536  INFO Gbl:185 Thread performance: Thread=class org.matsim.core.events.SimStepParallelEventsManagerImpl$ProcessEventsRunnable0  cpu-time=0.0936006sec
2016-04-13 09:30:59,537  INFO LegTimesControlerListener:50 [0] average trip (probably: leg) duration is: 1 seconds = 00:00:01
2016-04-13 09:30:59,537  INFO ControlerListenerManager:252 [it.0] all ControlerAfterMobsimListeners called.
2016-04-13 09:30:59,537  INFO AbstractController$4:266 ### ITERATION 0 fires scoring event
2016-04-13 09:30:59,537  INFO ControlerListenerManager:184 calling notifyScoring on org.matsim.core.controler.corelisteners.PlansScoringImpl
2016-04-13 09:30:59,538  INFO EventsToScore:178 it: 0 msaStart: null
2016-04-13 09:30:59,538  INFO ControlerListenerManager:195 [it.0] all ControlerScoringListeners called.
2016-04-13 09:30:59,538  INFO AbstractController$5:274 ### ITERATION 0 fires iteration end event
2016-04-13 09:30:59,539  INFO ControlerListenerManager:161 calling notifyIterationEnds on org.matsim.core.controler.corelisteners.EventsHandlingImpl
2016-04-13 09:30:59,539  INFO EventsManagerImpl:161 removing Event-Handler: org.matsim.core.events.algorithms.EventWriterXML
2016-04-13 09:30:59,539  INFO EventsManagerImpl:161 removing Event-Handler: org.matsim.core.events.algorithms.EventWriterXML
2016-04-13 09:30:59,539  INFO ControlerListenerManager:161 calling notifyIterationEnds on org.matsim.core.controler.corelisteners.PlansScoringImpl
2016-04-13 09:30:59,539  INFO EventsManagerImpl:161 removing Event-Handler: org.matsim.core.scoring.EventsToScore
2016-04-13 09:30:59,539  INFO EventsManagerImpl:161 removing Event-Handler: org.matsim.core.scoring.EventsToScore
2016-04-13 09:30:59,540  INFO TravelDistanceStats:122 [TravelDistanceStats] using 2 thread(s).
2016-04-13 09:30:59,541  INFO TravelDistanceStats:135 [TravelDistanceStats] all threads finished.
2016-04-13 09:30:59,541  INFO TravelDistanceStats:155 -- average of the average leg distance per plan (executed plans only): 0.0
2016-04-13 09:30:59,541  INFO TravelDistanceStats:156 (TravelDistanceStats takes an average over all legs where the simulation reports travelled distances. These are car legs, pt legs,
2016-04-13 09:30:59,541  INFO TravelDistanceStats:157 (and teleported legs whose route contains a distance.)
2016-04-13 09:30:59,541  INFO ControlerListenerManager:168 calling notifyIterationEnds on org.matsim.counts.CountsControlerListener
2016-04-13 09:30:59,541  INFO ControlerListenerManager:168 calling notifyIterationEnds on org.matsim.analysis.ScoreStatsControlerListener
2016-04-13 09:30:59,541  INFO ScoreStatsControlerListener:187 -- avg. score of the executed plan of each agent: 141.80364413985805
2016-04-13 09:30:59,541  INFO ScoreStatsControlerListener:188 -- avg. score of the worst plan of each agent: 141.80364413985805
2016-04-13 09:30:59,541  INFO ScoreStatsControlerListener:189 -- avg. of the avg. plan score per agent: 141.80364413985805
2016-04-13 09:30:59,541  INFO ScoreStatsControlerListener:190 -- avg. score of the best plan of each agent: 141.80364413985805
2016-04-13 09:30:59,542  INFO ControlerListenerManager:168 calling notifyIterationEnds on org.matsim.core.controler.corelisteners.LegHistogramListener
2016-04-13 09:30:59,546  INFO LegHistogramListener:81 number of legs:	198	100%
2016-04-13 09:30:59,547  INFO LegHistogramListener:88 number of car legs:	198	100.0%
2016-04-13 09:30:59,547  INFO LegHistogramListener:90 (car legs include legs by pt vehicles)
2016-04-13 09:30:59,943  INFO ControlerListenerManager:168 calling notifyIterationEnds on org.matsim.core.controler.corelisteners.LinkStatsControlerListener
2016-04-13 09:30:59,943  INFO ControlerListenerManager:172 [it.0] all ControlerIterationEndsListeners called.
2016-04-13 09:31:00,049  INFO AbstractController:284 ### ITERATION 0 ENDS
2016-04-13 09:31:00,049  INFO AbstractController:285 ###################################################
2016-04-13 09:31:00,049  INFO AbstractController:203 S H U T D O W N   ---   start shutdown.
2016-04-13 09:31:00,049  INFO ControlerListenerManager:122 calling notifyShutdown on org.matsim.core.controler.corelisteners.EventsHandlingImpl
2016-04-13 09:31:00,049  INFO ControlerListenerManager:122 calling notifyShutdown on org.matsim.core.controler.corelisteners.PlansScoringImpl
2016-04-13 09:31:00,050  INFO ControlerListenerManager:122 calling notifyShutdown on org.matsim.core.controler.corelisteners.DumpDataAtEndImpl
2016-04-13 09:31:00,050  INFO Counter:51 [PopulationWriter] dumped person # 1
2016-04-13 09:31:00,050  INFO Counter:51 [PopulationWriter] dumped person # 2
2016-04-13 09:31:00,050  INFO Counter:51 [PopulationWriter] dumped person # 4
2016-04-13 09:31:00,050  INFO Counter:51 [PopulationWriter] dumped person # 8
2016-04-13 09:31:00,051  INFO Counter:51 [PopulationWriter] dumped person # 16
2016-04-13 09:31:00,051  INFO Counter:51 [PopulationWriter] dumped person # 32
2016-04-13 09:31:00,052  INFO Counter:51 [PopulationWriter] dumped person # 64
2016-04-13 09:31:00,052  INFO PopulationWriter:95 Population written to: ./output/output_plans.xml.gz
2016-04-13 09:31:00,053  INFO Counter:57 [PopulationWriter] dumped person # 99
2016-04-13 09:31:00,055  INFO NetworkWriter:46 Writing network to file: ./output/output_network.xml.gz...
2016-04-13 09:31:00,056  INFO NetworkWriter:49 done.
2016-04-13 09:31:00,060  INFO ControlerListenerManager:127 calling notifyShutdown on org.matsim.analysis.ScoreStatsControlerListener
2016-04-13 09:31:00,060  INFO ControlerListenerManager:130 all ControlerShutdownListeners called.
2016-04-13 09:31:00,060  INFO AbstractController:226 S H U T D O W N   ---   shutdown completed.
2016-04-13 09:31:00,060  INFO OutputDirectoryLogging:168 closing the logfile, i.e. messages sent to the logger after this message are not written to the logfile.
