2016-04-24 16:53:50,098  INFO Gbl:57 JVM: 1.8.0_73; Oracle Corporation; mixed mode; 64-bit
2016-04-24 16:53:50,098  INFO Gbl:61 OS: Windows 10; 10.0; amd64
2016-04-24 16:53:50,098  INFO Gbl:64 CPU cores: 4
2016-04-24 16:53:50,100  INFO Gbl:65 max. Memory: 2708.0MB (2839543808B)
2016-04-24 16:53:50,101  INFO Gbl:103 MATSim-Build: r92988ce59136ee2aff1ef13a5c44ef6b9ed94573 (2015-10-29 09:45:01)
2016-04-24 16:53:50,101  INFO AbstractController:102 Used Controler-Class: org.matsim.core.controler.Controler
2016-04-24 16:53:50,735  INFO Injector:80 org.matsim.core.controler.corelisteners.PlansScoring
2016-04-24 16:53:50,737  INFO Injector:82    -> FactoryProxy{key=Key[type=org.matsim.core.controler.corelisteners.PlansScoring, annotation=[none]], provider=com.google.inject.internal.ConstructorBindingImpl$Factory@446293d[Scopes.SINGLETON]}
2016-04-24 16:53:50,740  INFO Injector:80 org.matsim.core.controler.corelisteners.PlansReplanning
2016-04-24 16:53:50,740  INFO Injector:82    -> FactoryProxy{key=Key[type=org.matsim.core.controler.corelisteners.PlansReplanning, annotation=[none]], provider=com.google.inject.internal.ConstructorBindingImpl$Factory@69997e9d[Scopes.SINGLETON]}
2016-04-24 16:53:50,740  INFO Injector:80 org.matsim.core.controler.corelisteners.PlansDumping
2016-04-24 16:53:50,741  INFO Injector:82    -> FactoryProxy{key=Key[type=org.matsim.core.controler.corelisteners.PlansDumping, annotation=[none]], provider=com.google.inject.internal.ConstructorBindingImpl$Factory@793be5ca[Scopes.SINGLETON]}
2016-04-24 16:53:50,741  INFO Injector:80 org.matsim.core.controler.corelisteners.EventsHandling
2016-04-24 16:53:50,741  INFO Injector:82    -> FactoryProxy{key=Key[type=org.matsim.core.controler.corelisteners.EventsHandling, annotation=[none]], provider=com.google.inject.internal.ConstructorBindingImpl$Factory@2df9b86[Scopes.SINGLETON]}
2016-04-24 16:53:50,741  INFO Injector:80 org.matsim.core.controler.corelisteners.DumpDataAtEnd
2016-04-24 16:53:50,741  INFO Injector:82    -> FactoryProxy{key=Key[type=org.matsim.core.controler.corelisteners.DumpDataAtEnd, annotation=[none]], provider=com.google.inject.internal.ConstructorBindingImpl$Factory@37654521[Scopes.SINGLETON]}
2016-04-24 16:53:50,742  INFO Injector:80 org.matsim.core.mobsim.framework.Mobsim
2016-04-24 16:53:50,742  INFO Injector:82    -> Key[type=org.matsim.core.mobsim.qsim.QSimProvider, annotation=[none]]
2016-04-24 16:53:50,742  INFO Injector:80 org.matsim.api.core.v01.network.Network
2016-04-24 16:53:50,742  INFO Injector:82    -> Key[type=org.matsim.core.scenario.ScenarioElementsModule$NetworkProvider, annotation=[none]]
2016-04-24 16:53:50,742  INFO Injector:80 org.matsim.api.core.v01.population.Population
2016-04-24 16:53:50,742  INFO Injector:82    -> Key[type=org.matsim.core.scenario.ScenarioElementsModule$PopulationProvider, annotation=[none]]
2016-04-24 16:53:50,743  INFO Injector:80 org.matsim.core.trafficmonitoring.TravelTimeCalculator
2016-04-24 16:53:50,743  INFO Injector:82    -> Key[type=org.matsim.core.trafficmonitoring.TravelTimeCalculatorModule$TravelTimeCalculatorProvider, annotation=[none]][Scopes.SINGLETON]
2016-04-24 16:53:50,743  INFO Injector:80 org.matsim.core.events.handler.EventHandler
2016-04-24 16:53:50,743  INFO Injector:82    -> FactoryProxy{key=Key[type=org.matsim.core.events.handler.EventHandler, annotation=@com.google.inject.multibindings.Element(setName=,uniqueId=2, type=MULTIBINDER, keyType=)], provider=Key[type=org.matsim.core.trafficmonitoring.TravelTimeCalculatorModule$TravelTimeCalculatorProvider, annotation=[none]][Scopes.SINGLETON]}
2016-04-24 16:53:50,743  INFO Injector:80 org.matsim.core.router.util.TravelTime
2016-04-24 16:53:50,744  INFO Injector:82    -> Key[type=org.matsim.core.trafficmonitoring.TravelTimeCalculatorModule$TravelTimeProvider, annotation=[none]]
2016-04-24 16:53:50,744  INFO Injector:80 org.matsim.core.router.util.LinkToLinkTravelTime
2016-04-24 16:53:50,744  INFO Injector:82    -> Key[type=org.matsim.core.trafficmonitoring.TravelTimeCalculatorModule$LinkToLinkTravelTimeProvider, annotation=[none]]
2016-04-24 16:53:50,744  INFO Injector:80 org.matsim.core.router.costcalculators.TravelDisutilityFactory
2016-04-24 16:53:50,744  INFO Injector:82    -> FactoryProxy{key=Key[type=org.matsim.core.router.costcalculators.TravelDisutilityFactory, annotation=[none]], provider=com.google.inject.internal.ConstructorBindingImpl$Factory@15aab8c6}
2016-04-24 16:53:50,744  INFO Injector:80 org.matsim.core.scoring.ScoringFunctionFactory
2016-04-24 16:53:50,744  INFO Injector:82    -> org.matsim.core.scoring.functions.CharyparNagelScoringFunctionModule$1@33990a0c
2016-04-24 16:53:50,745  INFO Injector:80 org.matsim.core.router.util.LeastCostPathCalculatorFactory
2016-04-24 16:53:50,745  INFO Injector:82    -> FactoryProxy{key=Key[type=org.matsim.core.router.util.LeastCostPathCalculatorFactory, annotation=[none]], provider=com.google.inject.internal.ConstructorBindingImpl$Factory@4de4b452[Scopes.SINGLETON]}
2016-04-24 16:53:50,745  INFO Injector:80 org.matsim.pt.router.TransitRouter
2016-04-24 16:53:50,745  INFO Injector:82    -> Key[type=org.matsim.pt.router.TransitRouterModule$DummyTransitRouterFactory, annotation=[none]]
2016-04-24 16:53:50,745  INFO Injector:80 org.matsim.core.router.TripRouterFactory
2016-04-24 16:53:50,745  INFO Injector:82    -> FactoryProxy{key=Key[type=org.matsim.core.router.TripRouterFactory, annotation=[none]], provider=com.google.inject.internal.ConstructorBindingImpl$Factory@50b5ac82}[Scopes.SINGLETON]
2016-04-24 16:53:50,745  INFO Injector:80 org.matsim.core.router.TripRouter
2016-04-24 16:53:50,746  INFO Injector:82    -> Key[type=org.matsim.core.router.TripRouterModule$RealTripRouterProvider, annotation=[none]]
2016-04-24 16:53:50,746  INFO Injector:80 org.matsim.core.replanning.selectors.GenericPlanSelector<org.matsim.api.core.v01.population.Plan, org.matsim.api.core.v01.population.Person>
2016-04-24 16:53:50,746  INFO Injector:82    -> FactoryProxy{key=Key[type=org.matsim.core.replanning.selectors.GenericPlanSelector<org.matsim.api.core.v01.population.Plan, org.matsim.api.core.v01.population.Person>, annotation=@com.google.inject.multibindings.Element(setName=,uniqueId=3, type=MAPBINDER, keyType=java.lang.String)], provider=com.google.inject.internal.ConstructorBindingImpl$Factory@101952da}
2016-04-24 16:53:50,746  INFO Injector:80 org.matsim.core.replanning.selectors.GenericPlanSelector<org.matsim.api.core.v01.population.Plan, org.matsim.api.core.v01.population.Person>
2016-04-24 16:53:50,746  INFO Injector:82    -> FactoryProxy{key=Key[type=org.matsim.core.replanning.selectors.GenericPlanSelector<org.matsim.api.core.v01.population.Plan, org.matsim.api.core.v01.population.Person>, annotation=@com.google.inject.multibindings.Element(setName=,uniqueId=5, type=MAPBINDER, keyType=java.lang.String)], provider=com.google.inject.internal.ConstructorBindingImpl$Factory@6babf3bf}
2016-04-24 16:53:50,746  INFO Injector:80 org.matsim.core.replanning.selectors.GenericPlanSelector<org.matsim.api.core.v01.population.Plan, org.matsim.api.core.v01.population.Person>
2016-04-24 16:53:50,746  INFO Injector:82    -> Key[type=org.matsim.core.replanning.DefaultPlanStrategiesModule$ExpBetaPlanSelectorForRemoval, annotation=[none]]
2016-04-24 16:53:50,747  INFO Injector:80 org.matsim.core.replanning.selectors.GenericPlanSelector<org.matsim.api.core.v01.population.Plan, org.matsim.api.core.v01.population.Person>
2016-04-24 16:53:50,747  INFO Injector:82    -> Key[type=org.matsim.core.replanning.DefaultPlanStrategiesModule$ExpBetaPlanChangerForRemoval, annotation=[none]]
2016-04-24 16:53:50,747  INFO Injector:80 org.matsim.core.replanning.selectors.GenericPlanSelector<org.matsim.api.core.v01.population.Plan, org.matsim.api.core.v01.population.Person>
2016-04-24 16:53:50,747  INFO Injector:82    -> Key[type=org.matsim.core.replanning.DefaultPlanStrategiesModule$PathSizeLogitSelectorForRemoval, annotation=[none]]
2016-04-24 16:53:50,747  INFO Injector:80 org.matsim.core.replanning.PlanStrategy
2016-04-24 16:53:50,747  INFO Injector:82    -> Key[type=org.matsim.core.replanning.modules.KeepLastSelectedPlanStrategyFactory, annotation=[none]]
2016-04-24 16:53:50,747  INFO Injector:80 org.matsim.core.replanning.PlanStrategy
2016-04-24 16:53:50,747  INFO Injector:82    -> Key[type=org.matsim.core.replanning.modules.SelectBestPlanStrategyFactory, annotation=[none]]
2016-04-24 16:53:50,747  INFO Injector:80 org.matsim.core.replanning.PlanStrategy
2016-04-24 16:53:50,748  INFO Injector:82    -> Key[type=org.matsim.core.replanning.modules.SelectExpBetaPlanStrategyFactory, annotation=[none]]
2016-04-24 16:53:50,748  INFO Injector:80 org.matsim.core.replanning.PlanStrategy
2016-04-24 16:53:50,748  INFO Injector:82    -> Key[type=org.matsim.core.replanning.modules.ChangeExpBetaPlanStrategyFactory, annotation=[none]]
2016-04-24 16:53:50,748  INFO Injector:80 org.matsim.core.replanning.PlanStrategy
2016-04-24 16:53:50,748  INFO Injector:82    -> Key[type=org.matsim.core.replanning.modules.SelectRandomStrategyFactory, annotation=[none]]
2016-04-24 16:53:50,748  INFO Injector:80 org.matsim.core.replanning.PlanStrategy
2016-04-24 16:53:50,748  INFO Injector:82    -> Key[type=org.matsim.core.replanning.modules.SelectPathSizeLogitStrategyFactory, annotation=[none]]
2016-04-24 16:53:50,748  INFO Injector:80 org.matsim.core.replanning.PlanStrategy
2016-04-24 16:53:50,748  INFO Injector:82    -> Key[type=org.matsim.core.replanning.modules.ReRoutePlanStrategyFactory, annotation=[none]]
2016-04-24 16:53:50,748  INFO Injector:80 org.matsim.core.replanning.PlanStrategy
2016-04-24 16:53:50,748  INFO Injector:82    -> Key[type=org.matsim.core.replanning.modules.TimeAllocationMutatorPlanStrategyFactory, annotation=[none]]
2016-04-24 16:53:50,749  INFO Injector:80 org.matsim.core.replanning.PlanStrategy
2016-04-24 16:53:50,749  INFO Injector:82    -> Key[type=org.matsim.core.replanning.modules.TimeAllocationMutatorReRoutePlanStrategyFactory, annotation=[none]]
2016-04-24 16:53:50,749  INFO Injector:80 org.matsim.core.replanning.PlanStrategy
2016-04-24 16:53:50,749  INFO Injector:82    -> Key[type=org.matsim.core.replanning.modules.ChangeSingleLegModeStrategyFactory, annotation=[none]]
2016-04-24 16:53:50,749  INFO Injector:80 org.matsim.core.replanning.PlanStrategy
2016-04-24 16:53:50,749  INFO Injector:82    -> Key[type=org.matsim.core.replanning.modules.ChangeLegModeStrategyFactory, annotation=[none]]
2016-04-24 16:53:50,749  INFO Injector:80 org.matsim.core.replanning.PlanStrategy
2016-04-24 16:53:50,749  INFO Injector:82    -> Key[type=org.matsim.core.replanning.modules.SubtourModeChoiceStrategyFactory, annotation=[none]]
2016-04-24 16:53:50,749  INFO Injector:80 org.matsim.core.replanning.PlanStrategy
2016-04-24 16:53:50,749  INFO Injector:82    -> Key[type=org.matsim.core.replanning.modules.ChangeTripModeStrategyFactory, annotation=[none]]
2016-04-24 16:53:50,749  INFO Injector:80 org.matsim.core.replanning.PlanStrategy
2016-04-24 16:53:50,749  INFO Injector:82    -> Key[type=org.matsim.core.replanning.modules.ChangeSingleTripModeStrategyFactory, annotation=[none]]
2016-04-24 16:53:50,750  INFO Injector:80 org.matsim.core.replanning.PlanStrategy
2016-04-24 16:53:50,750  INFO Injector:82    -> Key[type=org.matsim.core.replanning.modules.TripSubtourModeChoiceStrategyFactory, annotation=[none]]
2016-04-24 16:53:50,750  INFO Injector:80 org.matsim.core.replanning.StrategyManager
2016-04-24 16:53:50,750  INFO Injector:82    -> Key[type=org.matsim.core.replanning.StrategyManagerModule$StrategyManagerProvider, annotation=[none]][Scopes.SINGLETON]
2016-04-24 16:53:50,750  INFO Injector:80 org.matsim.core.replanning.ReplanningContext
2016-04-24 16:53:50,751  INFO Injector:82    -> FactoryProxy{key=Key[type=org.matsim.core.replanning.ReplanningContext, annotation=[none]], provider=com.google.inject.internal.ConstructorBindingImpl$Factory@3059cbc}
2016-04-24 16:53:50,751  INFO Injector:80 org.matsim.analysis.CalcLinkStats
2016-04-24 16:53:50,751  INFO Injector:82    -> Key[type=org.matsim.core.controler.corelisteners.LinkStatsModule$CalcLinkStatsProvider, annotation=[none]][Scopes.SINGLETON]
2016-04-24 16:53:50,751  INFO Injector:80 org.matsim.core.controler.listener.ControlerListener
2016-04-24 16:53:50,751  INFO Injector:82    -> FactoryProxy{key=Key[type=org.matsim.core.controler.listener.ControlerListener, annotation=@com.google.inject.multibindings.Element(setName=,uniqueId=43, type=MULTIBINDER, keyType=)], provider=com.google.inject.internal.ConstructorBindingImpl$Factory@7ea9e1e2}
2016-04-24 16:53:50,751  INFO Injector:80 org.matsim.analysis.VolumesAnalyzer
2016-04-24 16:53:50,752  INFO Injector:82    -> Key[type=org.matsim.analysis.VolumesAnalyzerModule$VolumesAnalyzerProvider, annotation=[none]][Scopes.SINGLETON]
2016-04-24 16:53:50,752  INFO Injector:80 org.matsim.core.events.handler.EventHandler
2016-04-24 16:53:50,752  INFO Injector:82    -> FactoryProxy{key=Key[type=org.matsim.core.events.handler.EventHandler, annotation=@com.google.inject.multibindings.Element(setName=,uniqueId=44, type=MULTIBINDER, keyType=)], provider=Key[type=org.matsim.analysis.VolumesAnalyzerModule$VolumesAnalyzerProvider, annotation=[none]][Scopes.SINGLETON]}
2016-04-24 16:53:50,752  INFO Injector:80 org.matsim.core.events.handler.EventHandler
2016-04-24 16:53:50,753  INFO Injector:82    -> of(org.matsim.analysis.LegHistogram@1b6e1eff)
2016-04-24 16:53:50,753  INFO Injector:80 org.matsim.analysis.LegHistogram
2016-04-24 16:53:50,753  INFO Injector:82    -> of(org.matsim.analysis.LegHistogram@1b6e1eff)
2016-04-24 16:53:50,753  INFO Injector:80 org.matsim.core.controler.listener.ControlerListener
2016-04-24 16:53:50,753  INFO Injector:82    -> FactoryProxy{key=Key[type=org.matsim.core.controler.listener.ControlerListener, annotation=@com.google.inject.multibindings.Element(setName=,uniqueId=46, type=MULTIBINDER, keyType=)], provider=com.google.inject.internal.ConstructorBindingImpl$Factory@24fcf36f}
2016-04-24 16:53:50,753  INFO Injector:80 org.matsim.core.events.handler.EventHandler
2016-04-24 16:53:50,754  INFO Injector:82    -> FactoryProxy{key=Key[type=org.matsim.core.events.handler.EventHandler, annotation=@com.google.inject.multibindings.Element(setName=,uniqueId=47, type=MULTIBINDER, keyType=)], provider=com.google.inject.internal.ConstructorBindingImpl$Factory@10feca44[Scopes.SINGLETON]}
2016-04-24 16:53:50,754  INFO Injector:80 org.matsim.core.controler.listener.ControlerListener
2016-04-24 16:53:50,754  INFO Injector:82    -> FactoryProxy{key=Key[type=org.matsim.core.controler.listener.ControlerListener, annotation=@com.google.inject.multibindings.Element(setName=,uniqueId=48, type=MULTIBINDER, keyType=)], provider=com.google.inject.internal.ConstructorBindingImpl$Factory@3fb1549b}
2016-04-24 16:53:50,754  INFO Injector:80 org.matsim.core.controler.listener.ControlerListener
2016-04-24 16:53:50,754  INFO Injector:82    -> FactoryProxy{key=Key[type=org.matsim.core.controler.listener.ControlerListener, annotation=@com.google.inject.multibindings.Element(setName=,uniqueId=49, type=MULTIBINDER, keyType=)], provider=com.google.inject.internal.ConstructorBindingImpl$Factory@ea6147e[Scopes.SINGLETON]}
2016-04-24 16:53:50,755  INFO Injector:80 org.matsim.analysis.ScoreStats
2016-04-24 16:53:50,755  INFO Injector:82    -> FactoryProxy{key=Key[type=org.matsim.analysis.ScoreStats, annotation=[none]], provider=com.google.inject.internal.ConstructorBindingImpl$Factory@ea6147e[Scopes.SINGLETON]}
2016-04-24 16:53:50,755  INFO Injector:80 org.matsim.core.controler.listener.ControlerListener
2016-04-24 16:53:50,755  INFO Injector:82    -> FactoryProxy{key=Key[type=org.matsim.core.controler.listener.ControlerListener, annotation=@com.google.inject.multibindings.Element(setName=,uniqueId=50, type=MULTIBINDER, keyType=)], provider=com.google.inject.internal.ConstructorBindingImpl$Factory@4d02f94e}
2016-04-24 16:53:50,755  INFO Injector:80 org.matsim.core.controler.listener.ControlerListener
2016-04-24 16:53:50,756  INFO Injector:82    -> FactoryProxy{key=Key[type=org.matsim.core.controler.listener.ControlerListener, annotation=@com.google.inject.multibindings.Element(setName=,uniqueId=51, type=MULTIBINDER, keyType=)], provider=com.google.inject.internal.ConstructorBindingImpl$Factory@2b48a640}
2016-04-24 16:53:50,756  INFO Injector:80 org.matsim.core.controler.OutputDirectoryHierarchy
2016-04-24 16:53:50,756  INFO Injector:82    -> of(org.matsim.core.controler.OutputDirectoryHierarchy@1e683a3e)
2016-04-24 16:53:50,756  INFO Injector:80 org.matsim.analysis.IterationStopWatch
2016-04-24 16:53:50,756  INFO Injector:82    -> of(org.matsim.analysis.IterationStopWatch@2053d869)
2016-04-24 16:53:50,756  INFO Injector:80 org.matsim.api.core.v01.Scenario
2016-04-24 16:53:50,756  INFO Injector:82    -> of(org.matsim.core.scenario.ScenarioImpl@7a419da4)
2016-04-24 16:53:50,757  INFO Injector:80 org.matsim.core.api.experimental.events.EventsManager
2016-04-24 16:53:50,757  INFO Injector:82    -> of(org.matsim.core.events.SimStepParallelEventsManagerImpl@14555e0a)
2016-04-24 16:53:50,757  INFO Injector:80 org.matsim.analysis.CalcLegTimes
2016-04-24 16:53:50,757  INFO Injector:82    -> com.google.inject.internal.ConstructorBindingImpl$Factory@10feca44[Scopes.SINGLETON]
2016-04-24 16:53:50,757  INFO Injector:80 org.matsim.analysis.ScoreStatsControlerListener
2016-04-24 16:53:50,757  INFO Injector:82    -> com.google.inject.internal.ConstructorBindingImpl$Factory@ea6147e[Scopes.SINGLETON]
2016-04-24 16:53:50,759  INFO ScenarioImpl:277 no transit schedule, and transit not activated from config. You must first call the create method of ScenarioImpl.
2016-04-24 16:53:50,768  INFO StrategyManagerConfigLoader:61 global innovation switch off after iteration: 0
2016-04-24 16:53:50,768  INFO GenericStrategyManager:345 setting PlanSelectorForRemoval to class org.matsim.core.replanning.selectors.WorstPlanForRemovalSelector
2016-04-24 16:53:50,774  INFO EventsManagerImpl:144 adding Event-Handler: org.matsim.core.trafficmonitoring.TravelTimeCalculator
2016-04-24 16:53:50,774  INFO EventsManagerImpl:148   org.matsim.api.core.v01.events.handler.LinkEnterEventHandler
2016-04-24 16:53:50,774  INFO EventsManagerImpl:207     > org.matsim.api.core.v01.events.LinkEnterEvent
2016-04-24 16:53:50,775  INFO EventsManagerImpl:148   org.matsim.api.core.v01.events.handler.LinkLeaveEventHandler
2016-04-24 16:53:50,775  INFO EventsManagerImpl:207     > org.matsim.api.core.v01.events.LinkLeaveEvent
2016-04-24 16:53:50,775  INFO EventsManagerImpl:148   org.matsim.api.core.v01.events.handler.PersonDepartureEventHandler
2016-04-24 16:53:50,775  INFO EventsManagerImpl:207     > org.matsim.api.core.v01.events.PersonDepartureEvent
2016-04-24 16:53:50,775  INFO EventsManagerImpl:148   org.matsim.api.core.v01.events.handler.PersonArrivalEventHandler
2016-04-24 16:53:50,775  INFO EventsManagerImpl:207     > org.matsim.api.core.v01.events.PersonArrivalEvent
2016-04-24 16:53:50,775  INFO EventsManagerImpl:148   org.matsim.core.api.experimental.events.handler.VehicleArrivesAtFacilityEventHandler
2016-04-24 16:53:50,776  INFO EventsManagerImpl:207     > org.matsim.core.api.experimental.events.VehicleArrivesAtFacilityEvent
2016-04-24 16:53:50,776  INFO EventsManagerImpl:148   org.matsim.api.core.v01.events.handler.TransitDriverStartsEventHandler
2016-04-24 16:53:50,776  INFO EventsManagerImpl:207     > org.matsim.api.core.v01.events.TransitDriverStartsEvent
2016-04-24 16:53:50,777  INFO EventsManagerImpl:148   org.matsim.api.core.v01.events.handler.PersonStuckEventHandler
2016-04-24 16:53:50,777  INFO EventsManagerImpl:207     > org.matsim.api.core.v01.events.PersonStuckEvent
2016-04-24 16:53:50,777  INFO EventsManagerImpl:156 
2016-04-24 16:53:50,777  INFO EventsManagerImpl:144 adding Event-Handler: org.matsim.core.trafficmonitoring.TravelTimeCalculator
2016-04-24 16:53:50,777  INFO EventsManagerImpl:148   org.matsim.api.core.v01.events.handler.LinkEnterEventHandler
2016-04-24 16:53:50,777  INFO EventsManagerImpl:207     > org.matsim.api.core.v01.events.LinkEnterEvent
2016-04-24 16:53:50,777  INFO EventsManagerImpl:148   org.matsim.api.core.v01.events.handler.LinkLeaveEventHandler
2016-04-24 16:53:50,777  INFO EventsManagerImpl:207     > org.matsim.api.core.v01.events.LinkLeaveEvent
2016-04-24 16:53:50,777  INFO EventsManagerImpl:148   org.matsim.api.core.v01.events.handler.PersonDepartureEventHandler
2016-04-24 16:53:50,777  INFO EventsManagerImpl:207     > org.matsim.api.core.v01.events.PersonDepartureEvent
2016-04-24 16:53:50,777  INFO EventsManagerImpl:148   org.matsim.api.core.v01.events.handler.PersonArrivalEventHandler
2016-04-24 16:53:50,777  INFO EventsManagerImpl:207     > org.matsim.api.core.v01.events.PersonArrivalEvent
2016-04-24 16:53:50,777  INFO EventsManagerImpl:148   org.matsim.core.api.experimental.events.handler.VehicleArrivesAtFacilityEventHandler
2016-04-24 16:53:50,778  INFO EventsManagerImpl:207     > org.matsim.core.api.experimental.events.VehicleArrivesAtFacilityEvent
2016-04-24 16:53:50,778  INFO EventsManagerImpl:148   org.matsim.api.core.v01.events.handler.TransitDriverStartsEventHandler
2016-04-24 16:53:50,778  INFO EventsManagerImpl:207     > org.matsim.api.core.v01.events.TransitDriverStartsEvent
2016-04-24 16:53:50,778  INFO EventsManagerImpl:148   org.matsim.api.core.v01.events.handler.PersonStuckEventHandler
2016-04-24 16:53:50,778  INFO EventsManagerImpl:207     > org.matsim.api.core.v01.events.PersonStuckEvent
2016-04-24 16:53:50,778  INFO EventsManagerImpl:156 
2016-04-24 16:53:50,778  INFO EventsManagerImpl:144 adding Event-Handler: org.matsim.analysis.VolumesAnalyzer
2016-04-24 16:53:50,778  INFO EventsManagerImpl:148   org.matsim.api.core.v01.events.handler.LinkLeaveEventHandler
2016-04-24 16:53:50,778  INFO EventsManagerImpl:207     > org.matsim.api.core.v01.events.LinkLeaveEvent
2016-04-24 16:53:50,778  INFO EventsManagerImpl:148   org.matsim.api.core.v01.events.handler.PersonDepartureEventHandler
2016-04-24 16:53:50,778  INFO EventsManagerImpl:207     > org.matsim.api.core.v01.events.PersonDepartureEvent
2016-04-24 16:53:50,778  INFO EventsManagerImpl:156 
2016-04-24 16:53:50,778  INFO EventsManagerImpl:144 adding Event-Handler: org.matsim.analysis.VolumesAnalyzer
2016-04-24 16:53:50,778  INFO EventsManagerImpl:148   org.matsim.api.core.v01.events.handler.LinkLeaveEventHandler
2016-04-24 16:53:50,779  INFO EventsManagerImpl:207     > org.matsim.api.core.v01.events.LinkLeaveEvent
2016-04-24 16:53:50,779  INFO EventsManagerImpl:148   org.matsim.api.core.v01.events.handler.PersonDepartureEventHandler
2016-04-24 16:53:50,779  INFO EventsManagerImpl:207     > org.matsim.api.core.v01.events.PersonDepartureEvent
2016-04-24 16:53:50,779  INFO EventsManagerImpl:156 
2016-04-24 16:53:50,779  INFO EventsManagerImpl:144 adding Event-Handler: org.matsim.analysis.LegHistogram
2016-04-24 16:53:50,779  INFO EventsManagerImpl:148   org.matsim.api.core.v01.events.handler.PersonDepartureEventHandler
2016-04-24 16:53:50,779  INFO EventsManagerImpl:207     > org.matsim.api.core.v01.events.PersonDepartureEvent
2016-04-24 16:53:50,779  INFO EventsManagerImpl:148   org.matsim.api.core.v01.events.handler.PersonArrivalEventHandler
2016-04-24 16:53:50,779  INFO EventsManagerImpl:207     > org.matsim.api.core.v01.events.PersonArrivalEvent
2016-04-24 16:53:50,779  INFO EventsManagerImpl:148   org.matsim.api.core.v01.events.handler.PersonStuckEventHandler
2016-04-24 16:53:50,779  INFO EventsManagerImpl:207     > org.matsim.api.core.v01.events.PersonStuckEvent
2016-04-24 16:53:50,779  INFO EventsManagerImpl:156 
2016-04-24 16:53:50,779  INFO EventsManagerImpl:144 adding Event-Handler: org.matsim.analysis.LegHistogram
2016-04-24 16:53:50,779  INFO EventsManagerImpl:148   org.matsim.api.core.v01.events.handler.PersonDepartureEventHandler
2016-04-24 16:53:50,780  INFO EventsManagerImpl:207     > org.matsim.api.core.v01.events.PersonDepartureEvent
2016-04-24 16:53:50,780  INFO EventsManagerImpl:148   org.matsim.api.core.v01.events.handler.PersonArrivalEventHandler
2016-04-24 16:53:50,780  INFO EventsManagerImpl:207     > org.matsim.api.core.v01.events.PersonArrivalEvent
2016-04-24 16:53:50,780  INFO EventsManagerImpl:148   org.matsim.api.core.v01.events.handler.PersonStuckEventHandler
2016-04-24 16:53:50,780  INFO EventsManagerImpl:207     > org.matsim.api.core.v01.events.PersonStuckEvent
2016-04-24 16:53:50,780  INFO EventsManagerImpl:156 
2016-04-24 16:53:50,780  INFO EventsManagerImpl:144 adding Event-Handler: org.matsim.analysis.CalcLegTimes
2016-04-24 16:53:50,780  INFO EventsManagerImpl:148   org.matsim.api.core.v01.events.handler.PersonDepartureEventHandler
2016-04-24 16:53:50,780  INFO EventsManagerImpl:207     > org.matsim.api.core.v01.events.PersonDepartureEvent
2016-04-24 16:53:50,780  INFO EventsManagerImpl:148   org.matsim.api.core.v01.events.handler.PersonArrivalEventHandler
2016-04-24 16:53:50,780  INFO EventsManagerImpl:207     > org.matsim.api.core.v01.events.PersonArrivalEvent
2016-04-24 16:53:50,780  INFO EventsManagerImpl:148   org.matsim.api.core.v01.events.handler.ActivityEndEventHandler
2016-04-24 16:53:50,781  INFO EventsManagerImpl:207     > org.matsim.api.core.v01.events.ActivityEndEvent
2016-04-24 16:53:50,781  INFO EventsManagerImpl:148   org.matsim.api.core.v01.events.handler.ActivityStartEventHandler
2016-04-24 16:53:50,781  INFO EventsManagerImpl:207     > org.matsim.api.core.v01.events.ActivityStartEvent
2016-04-24 16:53:50,781  INFO EventsManagerImpl:156 
2016-04-24 16:53:50,781  INFO EventsManagerImpl:144 adding Event-Handler: org.matsim.analysis.CalcLegTimes
2016-04-24 16:53:50,781  INFO EventsManagerImpl:148   org.matsim.api.core.v01.events.handler.PersonDepartureEventHandler
2016-04-24 16:53:50,781  INFO EventsManagerImpl:207     > org.matsim.api.core.v01.events.PersonDepartureEvent
2016-04-24 16:53:50,782  INFO EventsManagerImpl:148   org.matsim.api.core.v01.events.handler.PersonArrivalEventHandler
2016-04-24 16:53:50,782  INFO EventsManagerImpl:207     > org.matsim.api.core.v01.events.PersonArrivalEvent
2016-04-24 16:53:50,782  INFO EventsManagerImpl:148   org.matsim.api.core.v01.events.handler.ActivityEndEventHandler
2016-04-24 16:53:50,782  INFO EventsManagerImpl:207     > org.matsim.api.core.v01.events.ActivityEndEvent
2016-04-24 16:53:50,782  INFO EventsManagerImpl:148   org.matsim.api.core.v01.events.handler.ActivityStartEventHandler
2016-04-24 16:53:50,782  INFO EventsManagerImpl:207     > org.matsim.api.core.v01.events.ActivityStartEvent
2016-04-24 16:53:50,782  INFO EventsManagerImpl:156 
2016-04-24 16:53:50,785  INFO CalcLinkStats:148  resetting `count' to zero.  This info is here since we want to check when this is happening during normal simulation runs.  kai, jan'11
2016-04-24 16:53:50,787  INFO ControlerListenerManager:108 calling notifyStartup on org.matsim.counts.CountsControlerListener
2016-04-24 16:53:50,787  INFO ControlerListenerManager:108 calling notifyStartup on org.matsim.analysis.ScoreStatsControlerListener
2016-04-24 16:53:50,788  INFO ControlerListenerManager:111 all ControlerStartupListeners called.
2016-04-24 16:53:50,788  INFO ControlerUtils:57 config dump before iterations start
2016-04-24 16:53:50,799  INFO ControlerUtils:61 

<?xml version="1.0" encoding="UTF-8"?>
<!DOCTYPE config SYSTEM "http://www.matsim.org/files/dtd/config_v2.dtd">
<config>

<!-- ====================================================================== -->

	<module name="TimeAllocationMutator" >
		<param name="mutationAffectsDuration" value="true" />

		<!-- Default:1800.0; Defines how many seconds a time mutation can maximally shift a time. -->
		<param name="mutationRange" value="1800.0" />
	</module>

<!-- ====================================================================== -->

	<module name="controler" >

		<!-- Default=false;  -->
		<param name="enableLinkToLinkRouting" value="false" />

		<!-- Default=xml; Specifies the file format for writing events. Currently supported: txt, xml.
		Multiple values can be specified separated by commas (','). -->
		<param name="eventsFileFormat" value="xml" />

		<!-- Default=0;  -->
		<param name="firstIteration" value="0" />

		<!-- Default=1000;  -->
		<param name="lastIteration" value="0" />

		<!-- Defines which mobility simulation will be used. Currently supported: qsim JDEQSim 
		Depending on the chosen mobsim, you'll have to add additional config modules to configure the corresponding mobsim.
		For 'qsim', add a module 'qsim' to the config. -->
		<param name="mobsim" value="qsim" />

		<param name="outputDirectory" value="./output" />

		<!-- Possible values: failIfDirectoryExists, overwriteExistingFiles, deleteDirectoryIfExists -->
		<param name="overwriteFiles" value="deleteDirectoryIfExists" />

		<!-- The type of routing (least cost path) algorithm used, may have the values: Dijkstra, FastDijkstra, AStarLandmarks or FastAStarLandmarks -->
		<param name="routingAlgorithmType" value="Dijkstra" />

		<!-- An identifier for the current run which is used as prefix for output files and mentioned in output xml files etc. -->
		<param name="runId" value="null" />

		<!-- Comma-separated list of visualizer output file formats. `transims', `googleearth', and `otfvis'. -->
		<param name="snapshotFormat" value="" />

		<!-- iterationNumber % writeEventsInterval == 0 defines in which iterations events are written to a file. `0' disables events writing completely. -->
		<param name="writeEventsInterval" value="10" />

		<!-- iterationNumber % writePlansInterval == 0 defines (hopefully) in which iterations plans are written to a file. `0' disables plans writing completely.  Some plans in early iterations are always written -->
		<param name="writePlansInterval" value="10" />

		<!-- iterationNumber % writeSnapshotsInterval == 0 defines in which iterations snapshots are written to a file. `0' disables snapshots writing completely -->
		<param name="writeSnapshotsInterval" value="1" />
	</module>

<!-- ====================================================================== -->

	<module name="counts" >

		<!-- Transport modes that will be respected for the counts comparison. 'car' is default, which includes also bussed from the pt simulation module. Use this parameter in combination with 'filterModes' = true! -->
		<param name="analyzedModes" value="car" />

		<!-- Specifies over how many iterations the link volumes should be averaged that are used for the counts comparison. Use 1 or 0 to only use the link volumes of a single iteration. This values cannot be larger than the value specified for writeCountsInterval -->
		<param name="averageCountsOverIterations" value="5" />

		<!-- factor by which to re-scale the simulated values.  necessary when simulation runs with something different from 100%.  needs to be adapted manually -->
		<param name="countsScaleFactor" value="1.0" />

		<!-- distance to distanceFilterCenterNode to include counting stations. The unit of distance is the Euclidean distance implied by the coordinate system -->
		<param name="distanceFilter" value="null" />

		<!-- node id for center node of distance filter -->
		<param name="distanceFilterCenterNode" value="null" />

		<!-- If true, link counts from legs performed on modes not included in the 'analyzedModes' parameter are ignored. -->
		<param name="filterModes" value="false" />

		<!-- input file name to counts package -->
		<param name="inputCountsFile" value="null" />

		<!-- possible values: `html', `kml', `txt', `all' -->
		<param name="outputformat" value="txt" />

		<!-- Specifies how often the counts comparison should be calculated and written. -->
		<param name="writeCountsInterval" value="10" />
	</module>

<!-- ====================================================================== -->

	<module name="facilities" >
		<param name="inputFacilitiesFile" value="null" />
		<param name="inputFacilityAttributesFile" value="null" />
	</module>

<!-- ====================================================================== -->

	<module name="global" >
		<param name="coordinateSystem" value="Atlantis" />

		<!-- "global" number of threads.  This number is used, e.g., for replanning, but NOT in the mobsim.  This can typically be set to as many cores as you have available, or possibly even slightly more. -->
		<param name="numberOfThreads" value="2" />

		<param name="randomSeed" value="4711" />
	</module>

<!-- ====================================================================== -->

	<module name="households" >
		<param name="inputFile" value="null" />
		<param name="inputHouseholdAttributesFile" value="null" />
	</module>

<!-- ====================================================================== -->

	<module name="linkStats" >

		<!-- Specifies over how many iterations the link volumes should be averaged that are used for the link statistics. Use 1 or 0 to only use the link volumes of a single iteration. This values cannot be larger than the value specified for writeLinkStatsInterval -->
		<param name="averageLinkStatsOverIterations" value="5" />

		<!-- Specifies how often the link stats should be calculated and written. Use 0 to disable the generation of link stats. -->
		<param name="writeLinkStatsInterval" value="10" />
	</module>

<!-- ====================================================================== -->

	<module name="network" >
		<param name="inputChangeEventsFile" value="null" />
		<param name="inputNetworkFile" value="./data/SmallNetwork2.xml" />
		<param name="laneDefinitionsFile" value="null" />
		<param name="timeVariantNetwork" value="false" />
	</module>

<!-- ====================================================================== -->

	<module name="parallelEventHandling" >

		<!-- Estimated number of events during mobsim run. An optional optimization hint for the framework. -->
		<param name="estimatedNumberOfEvents" value="null" />

		<!-- Number of threads for parallel events handler. 0 or null means the framework decides by itself. -->
		<param name="numberOfThreads" value="null" />

		<param name="synchronizeOnSimSteps" value="true" />
	</module>

<!-- ====================================================================== -->

	<module name="planCalcScore" >

		<!-- logit model scale parameter. default: 1.  Has name and default value for historical reasons (see Bryan Raney's phd thesis). -->
		<param name="BrainExpBeta" value="1.0" />

		<param name="PathSizeLogitBeta" value="1.0" />

		<!-- [utils/hr] utility for departing early (i.e. before the earliest end time).  Normally negative.  Probably implemented correctly, but not tested. -->
		<param name="earlyDeparture" value="-0.0" />

		<!-- fraction of iterations at which MSA score averaging is started. The matsim theory department suggests to use this together with switching off choice set innovation (where a similar switch exists), but it has not been tested yet. -->
		<param name="fractionOfIterationsToStartScoreMSA" value="null" />

		<!-- [utils/hr] utility for arriving late (i.e. after the latest start time).  normally negative -->
		<param name="lateArrival" value="-18.0" />

		<!-- new_score = (1-learningRate)*old_score + learningRate * score_from_mobsim.  learning rates close to zero emulate score averaging, but slow down initial convergence -->
		<param name="learningRate" value="1.0" />

		<!-- [utils/unit_of_money] conversion of money (e.g. toll, distance cost) into utils. Normall positive (i.e. toll/cost/fare are processed as negative amounts of money). -->
		<param name="marginalUtilityOfMoney" value="1.0" />

		<!-- [utils/hr] marginal utility of doing an activity.  normally positive.  also the opportunity cost of time if agent is doing nothing.  MATSim separates the resource value of time from the direct (dis)utility of travel time, see, e.g., Boerjesson and Eliasson, TR-A 59 (2014) 144-158. -->
		<param name="performing" value="6.0" />

		<!-- There used to be a plateau between duration=0 and duration=zeroUtilityDuration. This caused durations to evolve to zero once they were below zeroUtilityDuration, causing problems.  Only use this switch if you need to be backwards compatible with some old results.  (changed nov'13) -->
		<param name="usingOldScoringBelowZeroUtilityDuration" value="false" />

		<!-- [utils] utility of switching a line (= transfer penalty).  Normally negative -->
		<param name="utilityOfLineSwitch" value="-1.0" />

		<!-- [utils/hr] additional marginal utility for waiting. normally negative. this comes on top of the opportunity cost of time.  Probably implemented correctly, but not tested. -->
		<param name="waiting" value="-0.0" />

		<!-- write a plans file in each iteration directory which contains what each agent actually did, and the score it received. -->
		<param name="writeExperiencedPlans" value="false" />

		<parameterset type="activityParams" >
			<param name="activityType" value="h" />
			<param name="closingTime" value="undefined" />
			<param name="earliestEndTime" value="undefined" />
			<param name="latestStartTime" value="undefined" />
			<param name="minimalDuration" value="undefined" />
			<param name="openingTime" value="undefined" />
			<param name="priority" value="1.0" />
			<param name="scoringThisActivityAtAll" value="true" />
			<param name="typicalDuration" value="12:00:00" />

			<!-- method to compute score at typical duration.  Use uniform for backwards compatibility (all activities same score; higher proba to drop long acts). -->
			<param name="typicalDurationScoreComputation" value="uniform" />
		</parameterset>

		<parameterset type="activityParams" >
			<param name="activityType" value="w" />
			<param name="closingTime" value="undefined" />
			<param name="earliestEndTime" value="undefined" />
			<param name="latestStartTime" value="undefined" />
			<param name="minimalDuration" value="undefined" />
			<param name="openingTime" value="undefined" />
			<param name="priority" value="1.0" />
			<param name="scoringThisActivityAtAll" value="true" />
			<param name="typicalDuration" value="08:00:00" />

			<!-- method to compute score at typical duration.  Use uniform for backwards compatibility (all activities same score; higher proba to drop long acts). -->
			<param name="typicalDurationScoreComputation" value="uniform" />
		</parameterset>

		<parameterset type="modeParams" >

			<!-- [utils] alternative-specific constant.  no guarantee that this is used anywhere. default=0 to be backwards compatible for the time being -->
			<param name="constant" value="0.0" />

			<!-- [utils/m] utility of walking per m, normally negative.  this is on top of the time (dis)utility. -->
			<param name="marginalUtilityOfDistance_util_m" value="0.0" />

			<!-- [utils/hr] additional marginal utility of traveling.  normally negative.  this comes on top of the opportunity cost of time -->
			<param name="marginalUtilityOfTraveling_util_hr" value="-6.0" />

			<param name="mode" value="car" />

			<!-- [unit_of_money/m] conversion of distance into money. Probably needs to be negative to work. -->
			<param name="monetaryDistanceCostRate" value="0.0" />
		</parameterset>

		<parameterset type="modeParams" >

			<!-- [utils] alternative-specific constant.  no guarantee that this is used anywhere. default=0 to be backwards compatible for the time being -->
			<param name="constant" value="0.0" />

			<!-- [utils/m] utility of walking per m, normally negative.  this is on top of the time (dis)utility. -->
			<param name="marginalUtilityOfDistance_util_m" value="0.0" />

			<!-- [utils/hr] additional marginal utility of traveling.  normally negative.  this comes on top of the opportunity cost of time -->
			<param name="marginalUtilityOfTraveling_util_hr" value="-6.0" />

			<param name="mode" value="pt" />

			<!-- [unit_of_money/m] conversion of distance into money. Probably needs to be negative to work. -->
			<param name="monetaryDistanceCostRate" value="0.0" />
		</parameterset>

		<parameterset type="modeParams" >

			<!-- [utils] alternative-specific constant.  no guarantee that this is used anywhere. default=0 to be backwards compatible for the time being -->
			<param name="constant" value="0.0" />

			<!-- [utils/m] utility of walking per m, normally negative.  this is on top of the time (dis)utility. -->
			<param name="marginalUtilityOfDistance_util_m" value="0.0" />

			<!-- [utils/hr] additional marginal utility of traveling.  normally negative.  this comes on top of the opportunity cost of time -->
			<param name="marginalUtilityOfTraveling_util_hr" value="-6.0" />

			<param name="mode" value="walk" />

			<!-- [unit_of_money/m] conversion of distance into money. Probably needs to be negative to work. -->
			<param name="monetaryDistanceCostRate" value="0.0" />
		</parameterset>

		<parameterset type="modeParams" >

			<!-- [utils] alternative-specific constant.  no guarantee that this is used anywhere. default=0 to be backwards compatible for the time being -->
			<param name="constant" value="0.0" />

			<!-- [utils/m] utility of walking per m, normally negative.  this is on top of the time (dis)utility. -->
			<param name="marginalUtilityOfDistance_util_m" value="0.0" />

			<!-- [utils/hr] additional marginal utility of traveling.  normally negative.  this comes on top of the opportunity cost of time -->
			<param name="marginalUtilityOfTraveling_util_hr" value="-6.0" />

			<param name="mode" value="bike" />

			<!-- [unit_of_money/m] conversion of distance into money. Probably needs to be negative to work. -->
			<param name="monetaryDistanceCostRate" value="0.0" />
		</parameterset>

		<parameterset type="modeParams" >

			<!-- [utils] alternative-specific constant.  no guarantee that this is used anywhere. default=0 to be backwards compatible for the time being -->
			<param name="constant" value="0.0" />

			<!-- [utils/m] utility of walking per m, normally negative.  this is on top of the time (dis)utility. -->
			<param name="marginalUtilityOfDistance_util_m" value="0.0" />

			<!-- [utils/hr] additional marginal utility of traveling.  normally negative.  this comes on top of the opportunity cost of time -->
			<param name="marginalUtilityOfTraveling_util_hr" value="-6.0" />

			<param name="mode" value="other" />

			<!-- [unit_of_money/m] conversion of distance into money. Probably needs to be negative to work. -->
			<param name="monetaryDistanceCostRate" value="0.0" />
		</parameterset>
	</module>

<!-- ====================================================================== -->

	<module name="plans" >

		<!-- String: minOfDurationAndEndTime tryEndTimeThenDuration endTimeOnly. Anything besides minOfDurationAndEndTime will internally use a different (simpler) version of the TimeAllocationMutator. -->
		<param name="activityDurationInterpretation" value="tryEndTimeThenDuration" />

		<!-- Path to a file containing person attributes (required file format: ObjectAttributes). -->
		<param name="inputPersonAttributesFile" value="null" />

		<param name="inputPlansFile" value="./data/testPopulation.xml" />

		<!-- Defines how routes are stored in memory. Currently supported: LinkNetworkRoute, CompressedNetworkRoute. -->
		<param name="networkRouteType" value="LinkNetworkRoute" />

		<!-- (not tested) will remove plan attributes that are presumably not used, such as activityStartTime. default=false -->
		<param name="removingUnnecessaryPlanAttributes" value="false" />

		<!-- Name of the (Object)Attribute defining the subpopulation to which pertains a Person (as freight, through traffic, etc.). The attribute must be of String type. -->
		<param name="subpopulationAttributeName" value="subpopulation" />
	</module>

<!-- ====================================================================== -->

	<module name="planscalcroute" >

		<!-- All the modes for which the router is supposed to generate network routes (like car) -->
		<param name="networkModes" value="car,ride" />

		<parameterset type="teleportedModeParameters" >
			<param name="beelineDistanceFactor" value="1.3" />
			<param name="mode" value="bike" />

			<!-- Free-speed factor for a teleported mode. Travel time = teleportedModeFreespeedFactor * <freespeed car travel time>. Insert a line like this for every such mode. Please do not set teleportedModeFreespeedFactor as well as teleportedModeSpeed for the same mode, but if you do, +teleportedModeFreespeedFactor wins over teleportedModeSpeed. -->
			<param name="teleportedModeFreespeedFactor" value="null" />

			<!-- Speed for a teleported mode. Travel time = (<beeline distance> * beelineDistanceFactor) / teleportedModeSpeed. Insert a line like this for every such mode. -->
			<param name="teleportedModeSpeed" value="4.166666666666667" />
		</parameterset>

		<parameterset type="teleportedModeParameters" >
			<param name="beelineDistanceFactor" value="1.3" />
			<param name="mode" value="walk" />

			<!-- Free-speed factor for a teleported mode. Travel time = teleportedModeFreespeedFactor * <freespeed car travel time>. Insert a line like this for every such mode. Please do not set teleportedModeFreespeedFactor as well as teleportedModeSpeed for the same mode, but if you do, +teleportedModeFreespeedFactor wins over teleportedModeSpeed. -->
			<param name="teleportedModeFreespeedFactor" value="null" />

			<!-- Speed for a teleported mode. Travel time = (<beeline distance> * beelineDistanceFactor) / teleportedModeSpeed. Insert a line like this for every such mode. -->
			<param name="teleportedModeSpeed" value="0.8333333333333333" />
		</parameterset>

		<parameterset type="teleportedModeParameters" >
			<param name="beelineDistanceFactor" value="1.3" />
			<param name="mode" value="undefined" />

			<!-- Free-speed factor for a teleported mode. Travel time = teleportedModeFreespeedFactor * <freespeed car travel time>. Insert a line like this for every such mode. Please do not set teleportedModeFreespeedFactor as well as teleportedModeSpeed for the same mode, but if you do, +teleportedModeFreespeedFactor wins over teleportedModeSpeed. -->
			<param name="teleportedModeFreespeedFactor" value="null" />

			<!-- Speed for a teleported mode. Travel time = (<beeline distance> * beelineDistanceFactor) / teleportedModeSpeed. Insert a line like this for every such mode. -->
			<param name="teleportedModeSpeed" value="13.88888888888889" />
		</parameterset>

		<parameterset type="teleportedModeParameters" >
			<param name="beelineDistanceFactor" value="1.3" />
			<param name="mode" value="pt" />

			<!-- Free-speed factor for a teleported mode. Travel time = teleportedModeFreespeedFactor * <freespeed car travel time>. Insert a line like this for every such mode. Please do not set teleportedModeFreespeedFactor as well as teleportedModeSpeed for the same mode, but if you do, +teleportedModeFreespeedFactor wins over teleportedModeSpeed. -->
			<param name="teleportedModeFreespeedFactor" value="2.0" />

			<!-- Speed for a teleported mode. Travel time = (<beeline distance> * beelineDistanceFactor) / teleportedModeSpeed. Insert a line like this for every such mode. -->
			<param name="teleportedModeSpeed" value="null" />
		</parameterset>
	</module>

<!-- ====================================================================== -->

	<module name="ptCounts" >

		<!-- factor by which to re-scale the simulated values.  necessary when simulation runs with something different from 100%.  needs to be adapted manually -->
		<param name="countsScaleFactor" value="1.0" />

		<!-- distance to distanceFilterCenterNode to include counting stations. The unit of distance is the Euclidean distance implied by the coordinate system -->
		<param name="distanceFilter" value="null" />

		<!-- node id for center node of distance filter -->
		<param name="distanceFilterCenterNode" value="null" />

		<!-- input file containing the alighting (getting off) counts for pt -->
		<param name="inputAlightCountsFile" value="null" />

		<!-- input file containing the boarding (getting on) counts for pt -->
		<param name="inputBoardCountsFile" value="null" />

		<!-- input file containing the occupancy counts for pt -->
		<param name="inputOccupancyCountsFile" value="null" />

		<!-- possible values: `html', `kml', `txt', `all' -->
		<param name="outputformat" value="null" />

		<!-- every how many iterations (starting with 0) counts comparisons are generated -->
		<param name="ptCountsInterval" value="10" />
	</module>

<!-- ====================================================================== -->

	<module name="qsim" >
		<param name="endTime" value="undefined" />
		<param name="flowCapacityFactor" value="1.0" />

		<!-- decides if waiting vehicles enter the network after or before the already driving vehicles were moved. Default: false -->
		<param name="insertingWaitingVehiclesBeforeDrivingVehicles" value="false" />

		<!-- default: FIFO; options: FIFO PassingQ -->
		<param name="linkDynamics" value="FIFO" />

		<!-- The (initial) width of the links of the network. Use positive floating point values. -->
		<param name="linkWidth" value="30.0" />

		<!-- [comma-separated list] Defines which modes are congested modes. Technically, these are the modes that the departure handler of the netsimengine handles.  Effective cell size, effective lane width, flow capacity factor, and storage capacity factor need to be set with diligence.  Need to be vehicular modes to make sense. -->
		<param name="mainMode" value="car" />

		<!-- Shortens a link in the visualization, i.e. its start and end point are moved into towards the center. Does not affect traffic flow.  -->
		<param name="nodeOffset" value="0.0" />

		<!-- Number of threads used for the QSim.  Note that this setting is independent from the "global" threads setting.  In contrast to earlier versions, the non-parallel special version is no longer there. -->
		<param name="numberOfThreads" value="1" />

		<!-- Boolean. `true': stuck vehicles are removed, aborting the plan; `false': stuck vehicles are forced into the next link. `false' is probably the better choice. -->
		<param name="removeStuckVehicles" value="false" />

		<!-- `maxOfStarttimeAndEarliestActivityEnd' (default behavior) or `onlyUseStarttime' -->
		<param name="simStarttimeInterpretation" value="maxOfStarttimeAndEarliestActivityEnd" />

		<!-- snapshotStyle. One of: equiDist (vehicles equidistant on link) or queue (vehicles queued at end of link) or withHoles (experimental!!) -->
		<param name="snapshotStyle" value="equiDist" />

		<param name="snapshotperiod" value="00:00:00" />
		<param name="startTime" value="undefined" />
		<param name="storageCapacityFactor" value="1.0" />

		<!-- time in seconds.  Time after which the frontmost vehicle on a link is called `stuck' if it does not move. -->
		<param name="stuckTime" value="10.0" />

		<param name="timeStepSize" value="00:00:01" />

		<!-- options: nullqueue withHoles  -->
		<param name="trafficDynamics" value="queue" />

		<!-- If this is true, we do not expect (or use) vehicles from the vehicles database, but create vehicles on the fly with default properties. -->
		<param name="useDefaultVehicles" value="true" />

		<!-- If a route does not reference a vehicle, agents will use the vehicle with the same id as their own. -->
		<param name="usePersonIdForMissingVehicleId" value="true" />

		<!-- normally, the qsim accumulates fractional flows up to one flow unit.  This is impractical with  with smaller PCEs.  If this switch is set to true, cars can enter a link if the accumulated flow is >=0, and the accumulated flow can go into negative.  Will probably become the default eventually. -->
		<param name="usingFastCapacityUpdate" value="false" />

		<!-- if the qsim should use as many runners as there are threads (Christoph's dissertation version) or more of them, together with a thread pool (seems to be faster in some situations, but is not tested). -->
		<param name="usingThreadpool" value="false" />

		<!-- Defines what happens if an agent wants to depart, but the specified vehicle is not available. One of: teleport, wait, exception -->
		<param name="vehicleBehavior" value="teleport" />
	</module>

<!-- ====================================================================== -->

	<module name="scenario" >

		<!-- Set this parameter to true if households should be used, false if not. -->
		<param name="useHouseholds" value="false" />

		<!-- Set this parameter to true if lanes should be used, false if not. -->
		<param name="useLanes" value="false" />

		<!-- Set this parameter to true if signal systems should be used, false if not. -->
		<param name="useSignalsystems" value="false" />

		<!-- Set this parameter to true if transit should be simulated, false if not. -->
		<param name="useTransit" value="false" />

		<!-- Set this parameter to true if vehicles should be used, false if not. -->
		<param name="useVehicles" value="false" />
	</module>

<!-- ====================================================================== -->

	<module name="signalsystems" >
		<param name="actionOnIntergreenViolation" value="warn" />
		<param name="ambertimes" value="null" />
		<param name="intergreentimes" value="null" />
		<param name="signalcontrol" value="null" />
		<param name="signalgroups" value="null" />
		<param name="signalsystems" value="null" />
		<param name="useAmbertimes" value="false" />
		<param name="useIntergreentimes" value="false" />
	</module>

<!-- ====================================================================== -->

	<module name="strategy" >

		<!-- the external executable will be called with a config file as argument.  This is the pathname to a possible skeleton config, to which additional information will be added.  Can be null. -->
		<param name="ExternalExeConfigTemplate" value="null" />

		<!-- time out value (in seconds) after which matsim will consider the external strategy as failed -->
		<param name="ExternalExeTimeOut" value="3600" />

		<!-- root directory for temporary files generated by the external executable. Provided as a service; I don't think this is used by MATSim. -->
		<param name="ExternalExeTmpFileRootDir" value="null" />

		<!-- fraction of iterations where innovative strategies are switched off.  Something link 0.8 should be good.  E.g. if you run from iteration 400 to iteration 500, innovation is switched off at iteration 480 -->
		<param name="fractionOfIterationsToDisableInnovation" value="Infinity" />

		<!-- maximum number of plans per agent.  ``0'' means ``infinity''.  Currently (2010), ``5'' is a good number -->
		<param name="maxAgentPlanMemorySize" value="5" />

		<!-- name of PlanSelector for plans removal.  Possible defaults: WorstPlanSelector SelectRandom SelectExpBetaForRemoval ChangeExpBetaForRemoval PathSizeLogitSelectorForRemoval . The current default, WorstPlanSelector is not a good choice from a discrete choice theoretical perspective. Alternatives, however, have not been systematically tested. kai, feb'12 -->
		<param name="planSelectorForRemoval" value="WorstPlanSelector" />
	</module>

<!-- ====================================================================== -->

	<module name="subtourModeChoice" >

		<!-- Defines the chain-based modes, seperated by commas -->
		<param name="chainBasedModes" value="car,bike" />

		<!-- Defines whether car availability must be considered or not. A agent has no car only if it has no license, or never access to a car -->
		<param name="considerCarAvailability" value="false" />

		<!-- Defines all the modes available, including chain-based modes, seperated by commas -->
		<param name="modes" value="car,pt,bike,walk" />
	</module>

<!-- ====================================================================== -->

	<module name="transit" >

		<!-- Optional input file containing additional attributes for transit lines, stored as ObjectAttributes. -->
		<param name="transitLinesAttributesFile" value="null" />

		<!-- Comma-separated list of transportation modes that are handled as transit. Defaults to 'pt'. -->
		<param name="transitModes" value="pt" />

		<!-- Input file containing the transit schedule to be simulated. -->
		<param name="transitScheduleFile" value="null" />

		<!-- Optional input file containing additional attributes for transit stop facilities, stored as ObjectAttributes. -->
		<param name="transitStopsAttributesFile" value="null" />

		<!-- Input file containing the vehicles used by the departures in the transit schedule. -->
		<param name="vehiclesFile" value="null" />
	</module>

<!-- ====================================================================== -->

	<module name="transitRouter" >

		<!-- additional time the router allocates when a line switch happens. Can be interpreted as a 'safety' time that agents need to safely transfer from one line to another -->
		<param name="additionalTransferTime" value="0.0" />

		<!-- step size to increase searchRadius if no stops are found -->
		<param name="extensionRadius" value="200.0" />

		<!-- maximum beeline distance between stops that agents could transfer to by walking -->
		<param name="maxBeelineWalkConnectionDistance" value="100.0" />

		<!-- the radius in which stop locations are searched, given a start or target coordinate -->
		<param name="searchRadius" value="1000.0" />
	</module>

<!-- ====================================================================== -->

	<module name="travelTimeCalculator" >

		<!-- Transport modes that will be respected by the travel time collector. 'car' is default, which includes also bussed from the pt simulation module. Use this parameter in combination with 'filterModes' = true! -->
		<param name="analyzedModes" value="car" />

		<param name="calculateLinkToLinkTravelTimes" value="false" />
		<param name="calculateLinkTravelTimes" value="true" />

		<!-- If true, link travel times from legs performed on modes not included in the 'analyzedModes' parameter are ignored. -->
		<param name="filterModes" value="false" />

		<!-- How to deal with congested time bins that have no link entry events. `optimistic' assumes free speed (too optimistic); 'experimental_LastMile' is experimental and probably too pessimistic. -->
		<param name="travelTimeAggregator" value="optimistic" />

		<!-- The size of the time bin (in sec) into which the link travel times are aggregated for the router -->
		<param name="travelTimeBinSize" value="900" />

		<!-- possible values: nullTravelTimeCalculatorArray TravelTimeCalculatorHashMap  -->
		<param name="travelTimeCalculator" value="TravelTimeCalculatorArray" />

		<!-- How to deal with link entry times at different positions during the time bin. Currently supported: average, linearinterpolation -->
		<param name="travelTimeGetter" value="average" />
	</module>

<!-- ====================================================================== -->

	<module name="vehicles" >
		<param name="vehiclesFile" value="null" />
	</module>

<!-- ====================================================================== -->

	<module name="vspExperimental" >

		<!-- (do not use) Set this filename of MZ05 daily analysis -->
		<param name="inputMZ05File" value="" />

		<!-- (do not use except of you have to) There was a problem with pt interaction scoring.  Some people solved it by overwriting the parameters of the pt interaction activity type.  Doing this now throws an Exception.  If you still insist on doing this, set the following to true. -->
		<param name="isAbleToOverwritePtInteractionParams" value="false" />

		<param name="isGeneratingBoardingDeniedEvent" value="false" />

		<!-- if an approximation of the opportunity cost of time is included into the radius calculation for location choice.`true' will be faster, but it is an approximation.  Default is `true'; `false' is available for backwards compatibility. -->
		<param name="isUsingOpportunityCostOfTimeForLocationChoice" value="true" />

		<param name="logitScaleParamForPlansRemoval" value="1.0" />

		<!-- Options: [Lorg.matsim.core.config.groups.VspExperimentalConfigGroup$VspDefaultsCheckingLevel;@3527942a.  When violating VSP defaults, this results in nothing, logfile infos, logfile warnings, or aborts.  Members of VSP should use `abort' or talk to kai. -->
		<param name="vspDefaultsCheckingLevel" value="ignore" />

		<!-- if true then writes output_events in output directory.  default is `false'. Will only work when lastIteration is multiple of events writing interval -->
		<param name="writingOutputEvents" value="false" />
	</module>

<!-- ====================================================================== -->

</config>

2016-04-24 16:53:50,805  INFO ControlerUtils:62 Complete config dump done.
2016-04-24 16:53:50,805  INFO ControlerUtils:63 Checking consistency of config...
2016-04-24 16:53:50,805  INFO PlanCalcScoreConfigGroup:397 NO OPENING OR CLOSING TIMES DEFINED!


There is no activity type that has an opening *and* closing time (or opening time and late penalty) defined.
This usually means that the activity chains can be shifted by an arbitrary
number of hours without having an effect on the score of the plans, and thus
resulting in wrong results / traffic patterns.
If you are using MATSim without time adaptation, you can ignore this warning.



2016-04-24 16:53:50,806  INFO VspConfigConsistencyCheckerImpl:55 NOT running vsp config consistency check because vsp defaults checking level is set to IGNORE
2016-04-24 16:53:50,806  INFO ControlerUtils:65 Checking consistency of config done.
2016-04-24 16:53:50,829  INFO Counter:51 [PersonPrepareForSim] handled person # 1
2016-04-24 16:53:50,830  INFO Counter:51 [PersonPrepareForSim] handled person # 2
2016-04-24 16:53:50,830  INFO Counter:51 [PersonPrepareForSim] handled person # 4
2016-04-24 16:53:50,831  INFO Counter:51 [PersonPrepareForSim] handled person # 8
2016-04-24 16:53:50,832  INFO Counter:51 [PersonPrepareForSim] handled person # 16
2016-04-24 16:53:50,834  INFO Counter:51 [PersonPrepareForSim] handled person # 32
2016-04-24 16:53:50,837  INFO Counter:51 [PersonPrepareForSim] handled person # 64
2016-04-24 16:53:50,841  INFO Counter:57 [PersonPrepareForSim] handled person # 99
2016-04-24 16:53:50,841  INFO AbstractController:240 ###################################################
2016-04-24 16:53:50,841  INFO AbstractController:241 ### ITERATION 0 BEGINS
2016-04-24 16:53:50,843  INFO ControlerListenerManager:141 calling notifyIterationStarts on org.matsim.core.controler.corelisteners.PlansScoringImpl
2016-04-24 16:53:50,854  INFO EventsManagerImpl:144 adding Event-Handler: org.matsim.core.scoring.EventsToScore
2016-04-24 16:53:50,854  INFO EventsManagerImpl:148   org.matsim.core.events.handler.BasicEventHandler
2016-04-24 16:53:50,854  INFO EventsManagerImpl:207     > org.matsim.api.core.v01.events.Event
2016-04-24 16:53:50,854  INFO EventsManagerImpl:156 
2016-04-24 16:53:50,854  INFO EventsManagerImpl:144 adding Event-Handler: org.matsim.core.scoring.EventsToScore
2016-04-24 16:53:50,854  INFO EventsManagerImpl:148   org.matsim.core.events.handler.BasicEventHandler
2016-04-24 16:53:50,854  INFO EventsManagerImpl:207     > org.matsim.api.core.v01.events.Event
2016-04-24 16:53:50,854  INFO EventsManagerImpl:156 
2016-04-24 16:53:50,855  INFO ControlerListenerManager:146 calling notifyIterationStarts on org.matsim.core.controler.corelisteners.LegHistogramListener
2016-04-24 16:53:50,855  INFO ControlerListenerManager:146 calling notifyIterationStarts on org.matsim.core.controler.corelisteners.LinkStatsControlerListener
2016-04-24 16:53:50,855  INFO ControlerListenerManager:149 [it.0] all ControlerIterationStartsListeners called.
2016-04-24 16:53:50,855  INFO ControlerListenerManager:225 calling notifyBeforeMobsim on org.matsim.core.controler.corelisteners.EventsHandlingImpl
2016-04-24 16:53:50,855  INFO EventsManagerImpl:170 resetting Event-Handlers
2016-04-24 16:53:50,855  INFO EventsManagerImpl:177   org.matsim.core.trafficmonitoring.TravelTimeCalculator
2016-04-24 16:53:50,856  INFO EventsManagerImpl:177   org.matsim.analysis.VolumesAnalyzer
2016-04-24 16:53:50,856  INFO EventsManagerImpl:177   org.matsim.analysis.LegHistogram
2016-04-24 16:53:50,856  INFO EventsManagerImpl:177   org.matsim.analysis.CalcLegTimes
2016-04-24 16:53:50,856  INFO EventsManagerImpl:177   org.matsim.core.scoring.EventsToScore
2016-04-24 16:53:50,859  INFO EventsManagerImpl:144 adding Event-Handler: org.matsim.core.events.algorithms.EventWriterXML
2016-04-24 16:53:50,859  INFO EventsManagerImpl:148   org.matsim.core.events.algorithms.EventWriter
2016-04-24 16:53:50,859  INFO EventsManagerImpl:148   org.matsim.core.events.handler.BasicEventHandler
2016-04-24 16:53:50,859  INFO EventsManagerImpl:207     > org.matsim.api.core.v01.events.Event
2016-04-24 16:53:50,859  INFO EventsManagerImpl:156 
2016-04-24 16:53:50,860  INFO EventsManagerImpl:144 adding Event-Handler: org.matsim.core.events.algorithms.EventWriterXML
2016-04-24 16:53:50,860  INFO EventsManagerImpl:148   org.matsim.core.events.algorithms.EventWriter
2016-04-24 16:53:50,860  INFO EventsManagerImpl:148   org.matsim.core.events.handler.BasicEventHandler
2016-04-24 16:53:50,860  INFO EventsManagerImpl:207     > org.matsim.api.core.v01.events.Event
2016-04-24 16:53:50,860  INFO EventsManagerImpl:156 
2016-04-24 16:53:50,861  INFO ControlerListenerManager:225 calling notifyBeforeMobsim on org.matsim.core.controler.corelisteners.PlansDumpingImpl
2016-04-24 16:53:50,861  INFO PlansDumpingImpl:93 dumping plans...
2016-04-24 16:53:50,864  INFO Counter:51 [PopulationWriter] dumped person # 1
2016-04-24 16:53:50,865  INFO Counter:51 [PopulationWriter] dumped person # 2
2016-04-24 16:53:50,865  INFO Counter:51 [PopulationWriter] dumped person # 4
2016-04-24 16:53:50,865  INFO Counter:51 [PopulationWriter] dumped person # 8
2016-04-24 16:53:50,866  INFO Counter:51 [PopulationWriter] dumped person # 16
2016-04-24 16:53:50,871  INFO Counter:51 [PopulationWriter] dumped person # 32
2016-04-24 16:53:50,873  INFO Counter:51 [PopulationWriter] dumped person # 64
2016-04-24 16:53:50,875  INFO PopulationWriter:95 Population written to: ./output/ITERS/it.0/0.plans.xml.gz
2016-04-24 16:53:50,890  INFO Counter:57 [PopulationWriter] dumped person # 99
2016-04-24 16:53:50,890  INFO PlansDumpingImpl:95 finished plans dump.
2016-04-24 16:53:50,890  INFO ControlerListenerManager:230 calling notifyBeforeMobsim on org.matsim.population.VspPlansCleaner
2016-04-24 16:53:50,891  INFO ControlerListenerManager:233 [it.0] all ControlerBeforeMobsimListeners called.
2016-04-24 16:53:50,921  INFO MobsimListenerManager:49 calling addQueueSimulationListener
2016-04-24 16:53:50,922  INFO MobsimListenerManager:53   assigned class org.matsim.core.mobsim.framework.listeners.MobsimListener to interface org.matsim.core.mobsim.framework.listeners.MobsimInitializedListener
2016-04-24 16:53:50,922  INFO MobsimListenerManager:53   assigned class org.matsim.core.mobsim.framework.listeners.MobsimListener to interface org.matsim.vis.snapshotwriters.SnapshotWriterManager
2016-04-24 16:53:50,922  INFO MobsimListenerManager:53   assigned class org.matsim.core.mobsim.framework.listeners.MobsimListener to interface org.matsim.core.mobsim.framework.listeners.MobsimAfterSimStepListener
2016-04-24 16:53:50,922  INFO MobsimListenerManager:53   assigned class org.matsim.core.mobsim.framework.listeners.MobsimListener to interface org.matsim.core.mobsim.framework.listeners.MobsimListener
2016-04-24 16:53:50,922  INFO MobsimListenerManager:53   assigned class org.matsim.core.mobsim.framework.listeners.MobsimListener to interface org.matsim.core.mobsim.framework.listeners.MobsimBeforeCleanupListener
2016-04-24 16:53:50,928  WARN QVehicle:74 No VehicleCapacity (= maximum number of passengers) set in Vehicle. Using default value of 4.  This is only a problem if you need vehicles with different capacities, e.g. for minibuses.
2016-04-24 16:53:50,928  WARN QVehicle:74 No VehicleCapacity (= maximum number of passengers) set in Vehicle. Using default value of 4.  This is only a problem if you need vehicles with different capacities, e.g. for minibuses.
2016-04-24 16:53:50,929  WARN QVehicle:74 No VehicleCapacity (= maximum number of passengers) set in Vehicle. Using default value of 4.  This is only a problem if you need vehicles with different capacities, e.g. for minibuses.
2016-04-24 16:53:50,929  WARN QVehicle:74 No VehicleCapacity (= maximum number of passengers) set in Vehicle. Using default value of 4.  This is only a problem if you need vehicles with different capacities, e.g. for minibuses.
2016-04-24 16:53:50,929  WARN QVehicle:74 No VehicleCapacity (= maximum number of passengers) set in Vehicle. Using default value of 4.  This is only a problem if you need vehicles with different capacities, e.g. for minibuses.
2016-04-24 16:53:50,929  WARN QVehicle:74 No VehicleCapacity (= maximum number of passengers) set in Vehicle. Using default value of 4.  This is only a problem if you need vehicles with different capacities, e.g. for minibuses.
2016-04-24 16:53:50,929  WARN QVehicle:74 No VehicleCapacity (= maximum number of passengers) set in Vehicle. Using default value of 4.  This is only a problem if you need vehicles with different capacities, e.g. for minibuses.
2016-04-24 16:53:50,929  WARN QVehicle:74 No VehicleCapacity (= maximum number of passengers) set in Vehicle. Using default value of 4.  This is only a problem if you need vehicles with different capacities, e.g. for minibuses.
2016-04-24 16:53:50,930  WARN QVehicle:74 No VehicleCapacity (= maximum number of passengers) set in Vehicle. Using default value of 4.  This is only a problem if you need vehicles with different capacities, e.g. for minibuses.
2016-04-24 16:53:50,930  WARN QVehicle:74 No VehicleCapacity (= maximum number of passengers) set in Vehicle. Using default value of 4.  This is only a problem if you need vehicles with different capacities, e.g. for minibuses.
2016-04-24 16:53:50,930  WARN QVehicle:79  Future occurences of this logging statement are suppressed.
2016-04-24 16:53:50,933  INFO QNetsimEngine:534 Assigned 10 nodes and 10 links to QSimEngineRunner #0
2016-04-24 16:53:50,937  INFO EventsManagerImpl:134  event # 1
2016-04-24 16:53:50,942  INFO QNetsimEngine:364 SIMULATION (QNetsimEngine) AT 06:00:00 : #links=1 #nodes=1
2016-04-24 16:53:50,943  INFO QSim:426 SIMULATION (NEW QSim) AT 06:00:00 : #Veh=99 lost=0 simT=0.0s realT=0s; (s/r): 0.0
2016-04-24 16:53:50,943  INFO Gbl:52 used RAM: 32908376B = 32137kB = 31MB  free: 85056424B = 81MB  total: 117964800B = 112MB
2016-04-24 16:53:50,943  INFO EventsManagerImpl:134  event # 2
2016-04-24 16:53:50,944  INFO EventsManagerImpl:134  event # 4
2016-04-24 16:53:50,944  INFO EventsManagerImpl:134  event # 8
2016-04-24 16:53:50,945  INFO EventsManagerImpl:134  event # 16
2016-04-24 16:53:50,946  INFO EventsManagerImpl:134  event # 32
2016-04-24 16:53:50,949  INFO EventsManagerImpl:134  event # 64
2016-04-24 16:53:50,964  INFO EventsManagerImpl:134  event # 128
2016-04-24 16:53:50,974  INFO EventsManagerImpl:134  event # 256
2016-04-24 16:53:51,106  INFO QNetsimEngine:364 SIMULATION (QNetsimEngine) AT 07:00:00 : #links=10 #nodes=0
2016-04-24 16:53:51,106  INFO QSim:426 SIMULATION (NEW QSim) AT 07:00:00 : #Veh=99 lost=0 simT=3600.0s realT=0s; (s/r): Infinity
2016-04-24 16:53:51,106  INFO Gbl:52 used RAM: 34760208B = 33945kB = 33MB  free: 83204592B = 79MB  total: 117964800B = 112MB
2016-04-24 16:53:51,191  INFO QNetsimEngine:364 SIMULATION (QNetsimEngine) AT 08:00:00 : #links=10 #nodes=0
2016-04-24 16:53:51,191  INFO QSim:426 SIMULATION (NEW QSim) AT 08:00:00 : #Veh=99 lost=0 simT=7200.0s realT=0s; (s/r): Infinity
2016-04-24 16:53:51,191  INFO Gbl:52 used RAM: 36209432B = 35360kB = 34MB  free: 81755368B = 77MB  total: 117964800B = 112MB
2016-04-24 16:53:51,211  INFO EventsManagerImpl:134  event # 512
2016-04-24 16:53:51,255  INFO QNetsimEngine:364 SIMULATION (QNetsimEngine) AT 09:00:00 : #links=10 #nodes=0
2016-04-24 16:53:51,256  INFO QSim:426 SIMULATION (NEW QSim) AT 09:00:00 : #Veh=99 lost=0 simT=10800.0s realT=0s; (s/r): Infinity
2016-04-24 16:53:51,256  INFO Gbl:52 used RAM: 37658720B = 36776kB = 35MB  free: 80306080B = 76MB  total: 117964800B = 112MB
2016-04-24 16:53:51,314  INFO QNetsimEngine:364 SIMULATION (QNetsimEngine) AT 10:00:00 : #links=10 #nodes=0
2016-04-24 16:53:51,315  INFO QSim:426 SIMULATION (NEW QSim) AT 10:00:00 : #Veh=99 lost=0 simT=14400.0s realT=0s; (s/r): Infinity
2016-04-24 16:53:51,315  INFO Gbl:52 used RAM: 39309352B = 38388kB = 37MB  free: 78655448B = 75MB  total: 117964800B = 112MB
2016-04-24 16:53:51,379  INFO QNetsimEngine:364 SIMULATION (QNetsimEngine) AT 11:00:00 : #links=10 #nodes=0
2016-04-24 16:53:51,379  INFO QSim:426 SIMULATION (NEW QSim) AT 11:00:00 : #Veh=99 lost=0 simT=18000.0s realT=0s; (s/r): Infinity
2016-04-24 16:53:51,379  INFO Gbl:52 used RAM: 40758600B = 39803kB = 38MB  free: 77206200B = 73MB  total: 117964800B = 112MB
2016-04-24 16:53:51,444  INFO QNetsimEngine:364 SIMULATION (QNetsimEngine) AT 12:00:00 : #links=10 #nodes=0
2016-04-24 16:53:51,445  INFO QSim:426 SIMULATION (NEW QSim) AT 12:00:00 : #Veh=99 lost=0 simT=21600.0s realT=0s; (s/r): Infinity
2016-04-24 16:53:51,445  INFO Gbl:52 used RAM: 41765504B = 40786kB = 39MB  free: 76199296B = 72MB  total: 117964800B = 112MB
2016-04-24 16:53:51,508  INFO QNetsimEngine:364 SIMULATION (QNetsimEngine) AT 13:00:00 : #links=10 #nodes=0
2016-04-24 16:53:51,508  INFO QSim:426 SIMULATION (NEW QSim) AT 13:00:00 : #Veh=99 lost=0 simT=25200.0s realT=0s; (s/r): Infinity
2016-04-24 16:53:51,509  INFO Gbl:52 used RAM: 43214752B = 42201kB = 41MB  free: 74750048B = 71MB  total: 117964800B = 112MB
2016-04-24 16:53:51,514  INFO EventsManagerImpl:134  event # 1024
2016-04-24 16:53:51,582  INFO QNetsimEngine:364 SIMULATION (QNetsimEngine) AT 14:00:00 : #links=10 #nodes=0
2016-04-24 16:53:51,582  INFO QSim:426 SIMULATION (NEW QSim) AT 14:00:00 : #Veh=99 lost=0 simT=28800.0s realT=0s; (s/r): Infinity
2016-04-24 16:53:51,582  INFO Gbl:52 used RAM: 44664056B = 43617kB = 42MB  free: 73300744B = 69MB  total: 117964800B = 112MB
2016-04-24 16:53:51,678  INFO QNetsimEngine:364 SIMULATION (QNetsimEngine) AT 15:00:00 : #links=10 #nodes=0
2016-04-24 16:53:51,678  INFO QSim:426 SIMULATION (NEW QSim) AT 15:00:00 : #Veh=99 lost=0 simT=32400.0s realT=0s; (s/r): Infinity
2016-04-24 16:53:51,678  INFO Gbl:52 used RAM: 46516064B = 45425kB = 44MB  free: 71448736B = 68MB  total: 117964800B = 112MB
2016-04-24 16:53:51,777  INFO QNetsimEngine:364 SIMULATION (QNetsimEngine) AT 16:00:00 : #links=10 #nodes=1
2016-04-24 16:53:51,777  INFO QSim:426 SIMULATION (NEW QSim) AT 16:00:00 : #Veh=99 lost=0 simT=36000.0s realT=0s; (s/r): Infinity
2016-04-24 16:53:51,777  INFO Gbl:52 used RAM: 47120120B = 46015kB = 44MB  free: 70844680B = 67MB  total: 117964800B = 112MB
2016-04-24 16:53:51,777  WARN CharyparNagelActivityScoring:212 encountering duration < zeroUtilityDuration; the logic for this was changed around mid-nov 2013.
2016-04-24 16:53:51,778  WARN CharyparNagelActivityScoring:213 your final score thus will be different from earlier runs; set usingOldScoringBelowZeroUtilityDuration to true if you absolutely need the old version.  See https://matsim.atlassian.net/browse/MATSIM-191.
2016-04-24 16:53:51,778  WARN CharyparNagelActivityScoring:215  This message given only once.
2016-04-24 16:53:51,869  INFO QNetsimEngine:364 SIMULATION (QNetsimEngine) AT 17:00:00 : #links=10 #nodes=0
2016-04-24 16:53:51,870  INFO QSim:426 SIMULATION (NEW QSim) AT 17:00:00 : #Veh=94 lost=0 simT=39600.0s realT=0s; (s/r): Infinity
2016-04-24 16:53:51,870  INFO Gbl:52 used RAM: 48770752B = 47627kB = 46MB  free: 69194048B = 65MB  total: 117964800B = 112MB
2016-04-24 16:53:51,941  INFO QNetsimEngine:364 SIMULATION (QNetsimEngine) AT 18:00:00 : #links=10 #nodes=0
2016-04-24 16:53:51,942  INFO QSim:426 SIMULATION (NEW QSim) AT 18:00:00 : #Veh=89 lost=0 simT=43200.0s realT=1s; (s/r): 43200.0
2016-04-24 16:53:51,942  INFO Gbl:52 used RAM: 50421344B = 49239kB = 48MB  free: 67543456B = 64MB  total: 117964800B = 112MB
2016-04-24 16:53:52,009  INFO QNetsimEngine:364 SIMULATION (QNetsimEngine) AT 19:00:00 : #links=10 #nodes=0
2016-04-24 16:53:52,010  INFO QSim:426 SIMULATION (NEW QSim) AT 19:00:00 : #Veh=84 lost=0 simT=46800.0s realT=1s; (s/r): 46800.0
2016-04-24 16:53:52,010  INFO Gbl:52 used RAM: 51870640B = 50654kB = 49MB  free: 66094160B = 63MB  total: 117964800B = 112MB
2016-04-24 16:53:52,059  INFO EventsManagerImpl:134  event # 2048
2016-04-24 16:53:52,065  INFO QNetsimEngine:364 SIMULATION (QNetsimEngine) AT 20:00:00 : #links=10 #nodes=0
2016-04-24 16:53:52,065  INFO QSim:426 SIMULATION (NEW QSim) AT 20:00:00 : #Veh=79 lost=0 simT=50400.0s realT=1s; (s/r): 50400.0
2016-04-24 16:53:52,065  INFO Gbl:52 used RAM: 52676032B = 51441kB = 50MB  free: 65288768B = 62MB  total: 117964800B = 112MB
2016-04-24 16:53:52,130  INFO QNetsimEngine:364 SIMULATION (QNetsimEngine) AT 21:00:00 : #links=10 #nodes=0
2016-04-24 16:53:52,130  INFO QSim:426 SIMULATION (NEW QSim) AT 21:00:00 : #Veh=74 lost=0 simT=54000.0s realT=1s; (s/r): 54000.0
2016-04-24 16:53:52,130  INFO Gbl:52 used RAM: 54125312B = 52856kB = 51MB  free: 63839488B = 60MB  total: 117964800B = 112MB
2016-04-24 16:53:52,204  INFO QNetsimEngine:364 SIMULATION (QNetsimEngine) AT 22:00:00 : #links=10 #nodes=0
2016-04-24 16:53:52,205  INFO QSim:426 SIMULATION (NEW QSim) AT 22:00:00 : #Veh=69 lost=0 simT=57600.0s realT=1s; (s/r): 57600.0
2016-04-24 16:53:52,206  INFO Gbl:52 used RAM: 9964528B = 9730kB = 9MB  free: 108000272B = 102MB  total: 117964800B = 112MB
2016-04-24 16:53:52,272  INFO QNetsimEngine:364 SIMULATION (QNetsimEngine) AT 23:00:00 : #links=10 #nodes=0
2016-04-24 16:53:52,272  INFO QSim:426 SIMULATION (NEW QSim) AT 23:00:00 : #Veh=64 lost=0 simT=61200.0s realT=1s; (s/r): 61200.0
2016-04-24 16:53:52,272  INFO Gbl:52 used RAM: 11716248B = 11441kB = 11MB  free: 106248552B = 101MB  total: 117964800B = 112MB
2016-04-24 16:53:52,326  INFO QNetsimEngine:364 SIMULATION (QNetsimEngine) AT 24:00:00 : #links=10 #nodes=0
2016-04-24 16:53:52,327  INFO QSim:426 SIMULATION (NEW QSim) AT 24:00:00 : #Veh=59 lost=0 simT=64800.0s realT=1s; (s/r): 64800.0
2016-04-24 16:53:52,327  INFO Gbl:52 used RAM: 12513712B = 12220kB = 11MB  free: 105451088B = 100MB  total: 117964800B = 112MB
2016-04-24 16:53:52,394  INFO QNetsimEngine:364 SIMULATION (QNetsimEngine) AT 25:00:00 : #links=10 #nodes=0
2016-04-24 16:53:52,394  INFO QSim:426 SIMULATION (NEW QSim) AT 25:00:00 : #Veh=54 lost=0 simT=68400.0s realT=1s; (s/r): 68400.0
2016-04-24 16:53:52,394  INFO Gbl:52 used RAM: 13938248B = 13611kB = 13MB  free: 104026552B = 99MB  total: 117964800B = 112MB
2016-04-24 16:53:52,449  INFO QNetsimEngine:364 SIMULATION (QNetsimEngine) AT 26:00:00 : #links=2 #nodes=0
2016-04-24 16:53:52,449  INFO QSim:426 SIMULATION (NEW QSim) AT 26:00:00 : #Veh=49 lost=0 simT=72000.0s realT=1s; (s/r): 72000.0
2016-04-24 16:53:52,449  INFO Gbl:52 used RAM: 15362768B = 15002kB = 14MB  free: 102602032B = 97MB  total: 117964800B = 112MB
2016-04-24 16:53:52,501  INFO QNetsimEngine:364 SIMULATION (QNetsimEngine) AT 27:00:00 : #links=1 #nodes=0
2016-04-24 16:53:52,502  INFO QSim:426 SIMULATION (NEW QSim) AT 27:00:00 : #Veh=44 lost=0 simT=75600.0s realT=1s; (s/r): 75600.0
2016-04-24 16:53:52,502  INFO Gbl:52 used RAM: 16952400B = 16555kB = 16MB  free: 101012400B = 96MB  total: 117964800B = 112MB
2016-04-24 16:53:52,551  INFO QNetsimEngine:364 SIMULATION (QNetsimEngine) AT 28:00:00 : #links=1 #nodes=0
2016-04-24 16:53:52,551  INFO QSim:426 SIMULATION (NEW QSim) AT 28:00:00 : #Veh=39 lost=0 simT=79200.0s realT=1s; (s/r): 79200.0
2016-04-24 16:53:52,551  INFO Gbl:52 used RAM: 18376936B = 17946kB = 17MB  free: 99587864B = 94MB  total: 117964800B = 112MB
2016-04-24 16:53:52,607  INFO QNetsimEngine:364 SIMULATION (QNetsimEngine) AT 29:00:00 : #links=1 #nodes=0
2016-04-24 16:53:52,607  INFO QSim:426 SIMULATION (NEW QSim) AT 29:00:00 : #Veh=34 lost=0 simT=82800.0s realT=1s; (s/r): 82800.0
2016-04-24 16:53:52,607  INFO Gbl:52 used RAM: 19023304B = 18577kB = 18MB  free: 98941496B = 94MB  total: 117964800B = 112MB
2016-04-24 16:53:52,661  INFO QNetsimEngine:364 SIMULATION (QNetsimEngine) AT 30:00:00 : #links=1 #nodes=0
2016-04-24 16:53:52,661  INFO QSim:426 SIMULATION (NEW QSim) AT 30:00:00 : #Veh=29 lost=0 simT=86400.0s realT=1s; (s/r): 86400.0
2016-04-24 16:53:52,661  INFO Gbl:52 used RAM: 20447856B = 19968kB = 19MB  free: 97516944B = 92MB  total: 117964800B = 112MB
2016-04-24 16:53:52,717  INFO QNetsimEngine:364 SIMULATION (QNetsimEngine) AT 31:00:00 : #links=1 #nodes=0
2016-04-24 16:53:52,718  INFO QSim:426 SIMULATION (NEW QSim) AT 31:00:00 : #Veh=24 lost=0 simT=90000.0s realT=1s; (s/r): 90000.0
2016-04-24 16:53:52,718  INFO Gbl:52 used RAM: 22037568B = 21521kB = 21MB  free: 95927232B = 91MB  total: 117964800B = 112MB
2016-04-24 16:53:52,795  INFO QNetsimEngine:364 SIMULATION (QNetsimEngine) AT 32:00:00 : #links=1 #nodes=0
2016-04-24 16:53:52,795  INFO QSim:426 SIMULATION (NEW QSim) AT 32:00:00 : #Veh=19 lost=0 simT=93600.0s realT=1s; (s/r): 93600.0
2016-04-24 16:53:52,795  INFO Gbl:52 used RAM: 23311096B = 22764kB = 22MB  free: 94653704B = 90MB  total: 117964800B = 112MB
2016-04-24 16:53:52,857  INFO QNetsimEngine:364 SIMULATION (QNetsimEngine) AT 33:00:00 : #links=1 #nodes=0
2016-04-24 16:53:52,857  INFO QSim:426 SIMULATION (NEW QSim) AT 33:00:00 : #Veh=14 lost=0 simT=97200.0s realT=1s; (s/r): 97200.0
2016-04-24 16:53:52,857  INFO Gbl:52 used RAM: 24900728B = 24317kB = 23MB  free: 93064072B = 88MB  total: 117964800B = 112MB
2016-04-24 16:53:52,928  INFO QNetsimEngine:364 SIMULATION (QNetsimEngine) AT 34:00:00 : #links=1 #nodes=0
2016-04-24 16:53:52,929  INFO QSim:426 SIMULATION (NEW QSim) AT 34:00:00 : #Veh=9 lost=0 simT=100800.0s realT=2s; (s/r): 50400.0
2016-04-24 16:53:52,929  INFO Gbl:52 used RAM: 26036328B = 25426kB = 24MB  free: 91928472B = 87MB  total: 117964800B = 112MB
2016-04-24 16:53:53,015  INFO QNetsimEngine:364 SIMULATION (QNetsimEngine) AT 35:00:00 : #links=1 #nodes=0
2016-04-24 16:53:53,016  INFO QSim:426 SIMULATION (NEW QSim) AT 35:00:00 : #Veh=4 lost=0 simT=104400.0s realT=2s; (s/r): 52200.0
2016-04-24 16:53:53,016  INFO Gbl:52 used RAM: 27144744B = 26508kB = 25MB  free: 90820056B = 86MB  total: 117964800B = 112MB
2016-04-24 16:53:53,074  INFO Gbl:185 Thread performance: Thread=QNetsimEngineRunner_0  cpu-time=0.6875sec
2016-04-24 16:53:53,075  INFO AbstractController$8:329 ### ITERATION 0 fires after mobsim event
2016-04-24 16:53:53,075  INFO ControlerListenerManager:244 calling notifyAfterMobsim on org.matsim.core.controler.corelisteners.EventsHandlingImpl
2016-04-24 16:53:53,075  INFO ControlerListenerManager:249 calling notifyAfterMobsim on org.matsim.analysis.LegTimesControlerListener
2016-04-24 16:53:53,075  INFO Gbl:185 Thread performance: Thread=class org.matsim.core.events.SimStepParallelEventsManagerImpl$ProcessEventsRunnable0  cpu-time=0.390625sec
2016-04-24 16:53:53,077  INFO LegTimesControlerListener:50 [0] average trip (probably: leg) duration is: 33694 seconds = 09:21:34
2016-04-24 16:53:53,077  INFO ControlerListenerManager:252 [it.0] all ControlerAfterMobsimListeners called.
2016-04-24 16:53:53,077  INFO AbstractController$4:266 ### ITERATION 0 fires scoring event
2016-04-24 16:53:53,077  INFO ControlerListenerManager:184 calling notifyScoring on org.matsim.core.controler.corelisteners.PlansScoringImpl
2016-04-24 16:53:53,078  INFO EventsToScore:178 it: 0 msaStart: null
2016-04-24 16:53:53,079  INFO ControlerListenerManager:195 [it.0] all ControlerScoringListeners called.
2016-04-24 16:53:53,079  INFO AbstractController$5:274 ### ITERATION 0 fires iteration end event
2016-04-24 16:53:53,079  INFO ControlerListenerManager:161 calling notifyIterationEnds on org.matsim.core.controler.corelisteners.EventsHandlingImpl
2016-04-24 16:53:53,090  INFO EventsManagerImpl:161 removing Event-Handler: org.matsim.core.events.algorithms.EventWriterXML
2016-04-24 16:53:53,090  INFO EventsManagerImpl:161 removing Event-Handler: org.matsim.core.events.algorithms.EventWriterXML
2016-04-24 16:53:53,090  INFO ControlerListenerManager:161 calling notifyIterationEnds on org.matsim.core.controler.corelisteners.PlansScoringImpl
2016-04-24 16:53:53,090  INFO EventsManagerImpl:161 removing Event-Handler: org.matsim.core.scoring.EventsToScore
2016-04-24 16:53:53,090  INFO EventsManagerImpl:161 removing Event-Handler: org.matsim.core.scoring.EventsToScore
2016-04-24 16:53:53,091  INFO TravelDistanceStats:122 [TravelDistanceStats] using 2 thread(s).
2016-04-24 16:53:53,092  INFO TravelDistanceStats:135 [TravelDistanceStats] all threads finished.
2016-04-24 16:53:53,093  INFO TravelDistanceStats:155 -- average of the average leg distance per plan (executed plans only): 7742.640687115006
2016-04-24 16:53:53,093  INFO TravelDistanceStats:156 (TravelDistanceStats takes an average over all legs where the simulation reports travelled distances. These are car legs, pt legs,
2016-04-24 16:53:53,093  INFO TravelDistanceStats:157 (and teleported legs whose route contains a distance.)
2016-04-24 16:53:53,093  INFO ControlerListenerManager:168 calling notifyIterationEnds on org.matsim.counts.CountsControlerListener
2016-04-24 16:53:53,093  INFO ControlerListenerManager:168 calling notifyIterationEnds on org.matsim.analysis.ScoreStatsControlerListener
2016-04-24 16:53:53,093  INFO ScoreStatsControlerListener:187 -- avg. score of the executed plan of each agent: -163.66361343964414
2016-04-24 16:53:53,093  INFO ScoreStatsControlerListener:188 -- avg. score of the worst plan of each agent: -163.66361343964414
2016-04-24 16:53:53,093  INFO ScoreStatsControlerListener:189 -- avg. of the avg. plan score per agent: -163.66361343964414
2016-04-24 16:53:53,093  INFO ScoreStatsControlerListener:190 -- avg. score of the best plan of each agent: -163.66361343964414
2016-04-24 16:53:53,094  INFO ControlerListenerManager:168 calling notifyIterationEnds on org.matsim.core.controler.corelisteners.LegHistogramListener
2016-04-24 16:53:53,105  INFO LegHistogramListener:81 number of legs:	198	100%
2016-04-24 16:53:53,105  INFO LegHistogramListener:88 number of car legs:	198	100.0%
2016-04-24 16:53:53,105  INFO LegHistogramListener:90 (car legs include legs by pt vehicles)
2016-04-24 16:53:53,747  INFO ControlerListenerManager:168 calling notifyIterationEnds on org.matsim.core.controler.corelisteners.LinkStatsControlerListener
2016-04-24 16:53:53,747  INFO ControlerListenerManager:172 [it.0] all ControlerIterationEndsListeners called.
2016-04-24 16:53:53,905  INFO AbstractController:284 ### ITERATION 0 ENDS
2016-04-24 16:53:53,905  INFO AbstractController:285 ###################################################
2016-04-24 16:53:53,905  INFO AbstractController:203 S H U T D O W N   ---   start shutdown.
2016-04-24 16:53:53,905  INFO ControlerListenerManager:122 calling notifyShutdown on org.matsim.core.controler.corelisteners.EventsHandlingImpl
2016-04-24 16:53:53,906  INFO ControlerListenerManager:122 calling notifyShutdown on org.matsim.core.controler.corelisteners.PlansScoringImpl
2016-04-24 16:53:53,908  INFO ControlerListenerManager:122 calling notifyShutdown on org.matsim.core.controler.corelisteners.DumpDataAtEndImpl
2016-04-24 16:53:53,909  INFO Counter:51 [PopulationWriter] dumped person # 1
2016-04-24 16:53:53,909  INFO Counter:51 [PopulationWriter] dumped person # 2
2016-04-24 16:53:53,910  INFO Counter:51 [PopulationWriter] dumped person # 4
2016-04-24 16:53:53,910  INFO Counter:51 [PopulationWriter] dumped person # 8
2016-04-24 16:53:53,910  INFO Counter:51 [PopulationWriter] dumped person # 16
2016-04-24 16:53:53,911  INFO Counter:51 [PopulationWriter] dumped person # 32
2016-04-24 16:53:53,912  INFO Counter:51 [PopulationWriter] dumped person # 64
2016-04-24 16:53:53,914  INFO PopulationWriter:95 Population written to: ./output/output_plans.xml.gz
2016-04-24 16:53:53,915  INFO Counter:57 [PopulationWriter] dumped person # 99
2016-04-24 16:53:53,920  INFO NetworkWriter:46 Writing network to file: ./output/output_network.xml.gz...
2016-04-24 16:53:53,925  INFO NetworkWriter:49 done.
2016-04-24 16:53:53,935  INFO ControlerListenerManager:127 calling notifyShutdown on org.matsim.analysis.ScoreStatsControlerListener
2016-04-24 16:53:53,936  INFO ControlerListenerManager:130 all ControlerShutdownListeners called.
2016-04-24 16:53:53,936  INFO AbstractController:226 S H U T D O W N   ---   shutdown completed.
2016-04-24 16:53:53,936  INFO OutputDirectoryLogging:168 closing the logfile, i.e. messages sent to the logger after this message are not written to the logfile.
